*** WARNING: This is an experimental installation of pytorch built specifically for MPI / distributed running ***
33: 2018-10-07 23:52:58,839 INFO Initializing
36: 2018-10-07 23:52:58,842 INFO Initializing
12: 2018-10-07 23:52:58,843 INFO Initializing
61: 2018-10-07 23:52:58,846 INFO Initializing
26: 2018-10-07 23:52:58,857 INFO Initializing
35: 2018-10-07 23:52:58,857 INFO Initializing
32: 2018-10-07 23:52:58,859 INFO Initializing
54: 2018-10-07 23:52:58,859 INFO Initializing
60: 2018-10-07 23:52:58,856 INFO Initializing
 7: 2018-10-07 23:52:58,861 INFO Initializing
27: 2018-10-07 23:52:58,861 INFO Initializing
 8: 2018-10-07 23:52:58,864 INFO Initializing
55: 2018-10-07 23:52:58,864 INFO Initializing
28: 2018-10-07 23:52:58,866 INFO Initializing
56: 2018-10-07 23:52:58,862 INFO Initializing
42: 2018-10-07 23:52:58,863 INFO Initializing
18: 2018-10-07 23:52:58,866 INFO Initializing
13: 2018-10-07 23:52:58,868 INFO Initializing
34: 2018-10-07 23:52:58,870 INFO Initializing
21: 2018-10-07 23:52:58,872 INFO Initializing
43: 2018-10-07 23:52:58,873 INFO Initializing
 2: 2018-10-07 23:52:58,871 INFO Initializing
37: 2018-10-07 23:52:58,874 INFO Initializing
49: 2018-10-07 23:52:58,875 INFO Initializing
46: 2018-10-07 23:52:58,875 INFO Initializing
44: 2018-10-07 23:52:58,875 INFO Initializing
62: 2018-10-07 23:52:58,875 INFO Initializing
38: 2018-10-07 23:52:58,875 INFO Initializing
16: 2018-10-07 23:52:58,874 INFO Initializing
30: 2018-10-07 23:52:58,875 INFO Initializing
 9: 2018-10-07 23:52:58,877 INFO Initializing
14: 2018-10-07 23:52:58,877 INFO Initializing
40: 2018-10-07 23:52:58,877 INFO Initializing
29: 2018-10-07 23:52:58,878 INFO Initializing
57: 2018-10-07 23:52:58,878 INFO Initializing
39: 2018-10-07 23:52:58,881 INFO Initializing
58: 2018-10-07 23:52:58,880 INFO Initializing
10: 2018-10-07 23:52:58,880 INFO Initializing
11: 2018-10-07 23:52:58,881 INFO Initializing
31: 2018-10-07 23:52:58,883 INFO Initializing
 1: 2018-10-07 23:52:58,883 INFO Initializing
20: 2018-10-07 23:52:58,882 INFO Initializing
51: 2018-10-07 23:52:58,884 INFO Initializing
19: 2018-10-07 23:52:58,885 INFO Initializing
23: 2018-10-07 23:52:58,885 INFO Initializing
15: 2018-10-07 23:52:58,886 INFO Initializing
63: 2018-10-07 23:52:58,885 INFO Initializing
48: 2018-10-07 23:52:58,886 INFO Initializing
59: 2018-10-07 23:52:58,885 INFO Initializing
41: 2018-10-07 23:52:58,887 INFO Initializing
47: 2018-10-07 23:52:58,888 INFO Initializing
 5: 2018-10-07 23:52:58,890 INFO Initializing
 0: 2018-10-07 23:52:58,889 INFO Initializing
52: 2018-10-07 23:52:58,887 INFO Initializing
24: 2018-10-07 23:52:58,890 INFO Initializing
 4: 2018-10-07 23:52:58,890 INFO Initializing
25: 2018-10-07 23:52:58,894 INFO Initializing
 3: 2018-10-07 23:52:58,894 INFO Initializing
50: 2018-10-07 23:52:58,893 INFO Initializing
17: 2018-10-07 23:52:58,844 INFO Initializing
53: 2018-10-07 23:52:58,895 INFO Initializing
 6: 2018-10-07 23:52:58,898 INFO Initializing
45: 2018-10-07 23:52:58,899 INFO Initializing
22: 2018-10-07 23:52:58,900 INFO Initializing
 0: 2018-10-07 23:52:58,949 INFO MPI rank 0
32: 2018-10-07 23:52:58,951 INFO MPI rank 32
33: 2018-10-07 23:52:58,947 INFO MPI rank 33
48: 2018-10-07 23:52:58,950 INFO MPI rank 48
36: 2018-10-07 23:52:58,949 INFO MPI rank 36
 4: 2018-10-07 23:52:58,949 INFO MPI rank 4
 8: 2018-10-07 23:52:58,951 INFO MPI rank 8
40: 2018-10-07 23:52:58,949 INFO MPI rank 40
41: 2018-10-07 23:52:58,950 INFO MPI rank 41
49: 2018-10-07 23:52:58,951 INFO MPI rank 49
16: 2018-10-07 23:52:58,949 INFO MPI rank 16
 9: 2018-10-07 23:52:58,950 INFO MPI rank 9
27: 2018-10-07 23:52:58,950 INFO MPI rank 27
35: 2018-10-07 23:52:58,949 INFO MPI rank 35
11: 2018-10-07 23:52:58,950 INFO MPI rank 11
 5: 2018-10-07 23:52:58,950 INFO MPI rank 5
39: 2018-10-07 23:52:58,951 INFO MPI rank 39
 7: 2018-10-07 23:52:58,951 INFO MPI rank 7
37: 2018-10-07 23:52:58,950 INFO MPI rank 37
 1: 2018-10-07 23:52:58,951 INFO MPI rank 1
25: 2018-10-07 23:52:58,949 INFO MPI rank 25
 3: 2018-10-07 23:52:58,949 INFO MPI rank 3
55: 2018-10-07 23:52:58,950 INFO MPI rank 55
 6: 2018-10-07 23:52:58,950 INFO MPI rank 6
12: 2018-10-07 23:52:58,950 INFO MPI rank 12
10: 2018-10-07 23:52:58,949 INFO MPI rank 10
56: 2018-10-07 23:52:58,947 INFO MPI rank 56
50: 2018-10-07 23:52:58,947 INFO MPI rank 50
22: 2018-10-07 23:52:58,949 INFO MPI rank 22
18: 2018-10-07 23:52:58,949 INFO MPI rank 18
28: 2018-10-07 23:52:58,951 INFO MPI rank 28
57: 2018-10-07 23:52:58,948 INFO MPI rank 57
61: 2018-10-07 23:52:58,949 INFO MPI rank 61
21: 2018-10-07 23:52:58,950 INFO MPI rank 21
53: 2018-10-07 23:52:58,948 INFO MPI rank 53
47: 2018-10-07 23:52:58,949 INFO MPI rank 47
59: 2018-10-07 23:52:58,949 INFO MPI rank 59
19: 2018-10-07 23:52:58,950 INFO MPI rank 19
51: 2018-10-07 23:52:58,949 INFO MPI rank 51
45: 2018-10-07 23:52:58,950 INFO MPI rank 45
15: 2018-10-07 23:52:58,951 INFO MPI rank 15
38: 2018-10-07 23:52:58,950 INFO MPI rank 38
34: 2018-10-07 23:52:58,949 INFO MPI rank 34
42: 2018-10-07 23:52:58,947 INFO MPI rank 42
52: 2018-10-07 23:52:58,947 INFO MPI rank 52
26: 2018-10-07 23:52:58,950 INFO MPI rank 26
24: 2018-10-07 23:52:58,949 INFO MPI rank 24
54: 2018-10-07 23:52:58,950 INFO MPI rank 54
30: 2018-10-07 23:52:58,949 INFO MPI rank 30
46: 2018-10-07 23:52:58,950 INFO MPI rank 46
58: 2018-10-07 23:52:58,950 INFO MPI rank 58
62: 2018-10-07 23:52:58,950 INFO MPI rank 62
44: 2018-10-07 23:52:58,950 INFO MPI rank 44
20: 2018-10-07 23:52:58,948 INFO MPI rank 20
14: 2018-10-07 23:52:58,949 INFO MPI rank 14
60: 2018-10-07 23:52:58,947 INFO MPI rank 60
13: 2018-10-07 23:52:58,947 INFO MPI rank 13
17: 2018-10-07 23:52:58,898 INFO MPI rank 17
 2: 2018-10-07 23:52:58,949 INFO MPI rank 2
31: 2018-10-07 23:52:58,952 INFO MPI rank 31
63: 2018-10-07 23:52:58,949 INFO MPI rank 63
43: 2018-10-07 23:52:58,951 INFO MPI rank 43
29: 2018-10-07 23:52:58,949 INFO MPI rank 29
23: 2018-10-07 23:52:58,950 INFO MPI rank 23
 0: 2018-10-07 23:52:58,956 INFO Configuration: {'data_config': {'name': 'cifar10', 'data_path': '$SCRATCH/pytorch-cifar10/data', 'n_train': 32768, 'n_valid': 8192}, 'experiment_config': {'name': 'cifar10', 'output_dir': '$SCRATCH/pytorch-cifar10/output'}, 'model_config': {'model_type': 'resnet50_cifar10', 'optimizer': 'Adam', 'learning_rate': 0.001}, 'train_config': {'batch_size': 64, 'n_epochs': 1}}
33: 2018-10-07 23:53:02,326 INFO Loaded 32768 training samples and 8192 validation samples
58: 2018-10-07 23:53:02,334 INFO Loaded 32768 training samples and 8192 validation samples
 9: 2018-10-07 23:53:02,355 INFO Loaded 32768 training samples and 8192 validation samples
32: 2018-10-07 23:53:02,356 INFO Loaded 32768 training samples and 8192 validation samples
36: 2018-10-07 23:53:02,359 INFO Loaded 32768 training samples and 8192 validation samples
17: 2018-10-07 23:53:02,307 INFO Loaded 32768 training samples and 8192 validation samples
46: 2018-10-07 23:53:02,360 INFO Loaded 32768 training samples and 8192 validation samples
20: 2018-10-07 23:53:02,365 INFO Loaded 32768 training samples and 8192 validation samples
62: 2018-10-07 23:53:02,375 INFO Loaded 32768 training samples and 8192 validation samples
 6: 2018-10-07 23:53:02,384 INFO Loaded 32768 training samples and 8192 validation samples
15: 2018-10-07 23:53:02,390 INFO Loaded 32768 training samples and 8192 validation samples
49: 2018-10-07 23:53:02,395 INFO Loaded 32768 training samples and 8192 validation samples
48: 2018-10-07 23:53:02,399 INFO Loaded 32768 training samples and 8192 validation samples
51: 2018-10-07 23:53:02,406 INFO Loaded 32768 training samples and 8192 validation samples
25: 2018-10-07 23:53:02,413 INFO Loaded 32768 training samples and 8192 validation samples
38: 2018-10-07 23:53:02,425 INFO Loaded 32768 training samples and 8192 validation samples
60: 2018-10-07 23:53:02,426 INFO Loaded 32768 training samples and 8192 validation samples
43: 2018-10-07 23:53:02,437 INFO Loaded 32768 training samples and 8192 validation samples
26: 2018-10-07 23:53:02,449 INFO Loaded 32768 training samples and 8192 validation samples
14: 2018-10-07 23:53:02,451 INFO Loaded 32768 training samples and 8192 validation samples
 5: 2018-10-07 23:53:02,461 INFO Loaded 32768 training samples and 8192 validation samples
 3: 2018-10-07 23:53:02,466 INFO Loaded 32768 training samples and 8192 validation samples
 7: 2018-10-07 23:53:02,470 INFO Loaded 32768 training samples and 8192 validation samples
47: 2018-10-07 23:53:02,477 INFO Loaded 32768 training samples and 8192 validation samples
30: 2018-10-07 23:53:02,495 INFO Loaded 32768 training samples and 8192 validation samples
53: 2018-10-07 23:53:02,511 INFO Loaded 32768 training samples and 8192 validation samples
52: 2018-10-07 23:53:02,520 INFO Loaded 32768 training samples and 8192 validation samples
 4: 2018-10-07 23:53:02,528 INFO Loaded 32768 training samples and 8192 validation samples
 2: 2018-10-07 23:53:02,528 INFO Loaded 32768 training samples and 8192 validation samples
50: 2018-10-07 23:53:02,541 INFO Loaded 32768 training samples and 8192 validation samples
 1: 2018-10-07 23:53:02,549 INFO Loaded 32768 training samples and 8192 validation samples
40: 2018-10-07 23:53:02,549 INFO Loaded 32768 training samples and 8192 validation samples
63: 2018-10-07 23:53:02,565 INFO Loaded 32768 training samples and 8192 validation samples
45: 2018-10-07 23:53:02,568 INFO Loaded 32768 training samples and 8192 validation samples
24: 2018-10-07 23:53:02,568 INFO Loaded 32768 training samples and 8192 validation samples
56: 2018-10-07 23:53:02,584 INFO Loaded 32768 training samples and 8192 validation samples
54: 2018-10-07 23:53:02,611 INFO Loaded 32768 training samples and 8192 validation samples
35: 2018-10-07 23:53:02,612 INFO Loaded 32768 training samples and 8192 validation samples
44: 2018-10-07 23:53:02,620 INFO Loaded 32768 training samples and 8192 validation samples
59: 2018-10-07 23:53:02,632 INFO Loaded 32768 training samples and 8192 validation samples
29: 2018-10-07 23:53:02,637 INFO Loaded 32768 training samples and 8192 validation samples
28: 2018-10-07 23:53:02,648 INFO Loaded 32768 training samples and 8192 validation samples
22: 2018-10-07 23:53:02,653 INFO Loaded 32768 training samples and 8192 validation samples
61: 2018-10-07 23:53:02,655 INFO Loaded 32768 training samples and 8192 validation samples
31: 2018-10-07 23:53:02,662 INFO Loaded 32768 training samples and 8192 validation samples
18: 2018-10-07 23:53:02,663 INFO Loaded 32768 training samples and 8192 validation samples
11: 2018-10-07 23:53:02,676 INFO Loaded 32768 training samples and 8192 validation samples
39: 2018-10-07 23:53:02,683 INFO Loaded 32768 training samples and 8192 validation samples
34: 2018-10-07 23:53:02,681 INFO Loaded 32768 training samples and 8192 validation samples
12: 2018-10-07 23:53:02,694 INFO Loaded 32768 training samples and 8192 validation samples
57: 2018-10-07 23:53:02,694 INFO Loaded 32768 training samples and 8192 validation samples
55: 2018-10-07 23:53:02,699 INFO Loaded 32768 training samples and 8192 validation samples
42: 2018-10-07 23:53:02,705 INFO Loaded 32768 training samples and 8192 validation samples
23: 2018-10-07 23:53:02,728 INFO Loaded 32768 training samples and 8192 validation samples
41: 2018-10-07 23:53:02,730 INFO Loaded 32768 training samples and 8192 validation samples
13: 2018-10-07 23:53:02,730 INFO Loaded 32768 training samples and 8192 validation samples
19: 2018-10-07 23:53:02,739 INFO Loaded 32768 training samples and 8192 validation samples
 0: 2018-10-07 23:53:02,742 INFO Loaded 32768 training samples and 8192 validation samples
37: 2018-10-07 23:53:02,746 INFO Loaded 32768 training samples and 8192 validation samples
16: 2018-10-07 23:53:02,750 INFO Loaded 32768 training samples and 8192 validation samples
 8: 2018-10-07 23:53:02,756 INFO Loaded 32768 training samples and 8192 validation samples
27: 2018-10-07 23:53:02,766 INFO Loaded 32768 training samples and 8192 validation samples
21: 2018-10-07 23:53:02,767 INFO Loaded 32768 training samples and 8192 validation samples
10: 2018-10-07 23:53:02,780 INFO Loaded 32768 training samples and 8192 validation samples
37: 2018-10-07 23:53:03,068 INFO Epoch 0
16: 2018-10-07 23:53:03,066 INFO Epoch 0
20: 2018-10-07 23:53:03,066 INFO Epoch 0
17: 2018-10-07 23:53:03,015 INFO Epoch 0
 2: 2018-10-07 23:53:03,066 INFO Epoch 0
 9: 2018-10-07 23:53:03,068 INFO Epoch 0
27: 2018-10-07 23:53:03,067 INFO Epoch 0
11: 2018-10-07 23:53:03,068 INFO Epoch 0
 5: 2018-10-07 23:53:03,068 INFO Epoch 0
 7: 2018-10-07 23:53:03,069 INFO Epoch 0
 1: 2018-10-07 23:53:03,068 INFO Epoch 0
25: 2018-10-07 23:53:03,067 INFO Epoch 0
 3: 2018-10-07 23:53:03,067 INFO Epoch 0
 6: 2018-10-07 23:53:03,068 INFO Epoch 0
10: 2018-10-07 23:53:03,067 INFO Epoch 0
 4: 2018-10-07 23:53:03,067 INFO Epoch 0
 8: 2018-10-07 23:53:03,069 INFO Epoch 0
53: 2018-10-07 23:53:03,066 INFO Epoch 0
19: 2018-10-07 23:53:03,068 INFO Epoch 0
34: 2018-10-07 23:53:03,067 INFO Epoch 0
52: 2018-10-07 23:53:03,065 INFO Epoch 0
26: 2018-10-07 23:53:03,068 INFO Epoch 0
35: 2018-10-07 23:53:03,067 INFO Epoch 0
39: 2018-10-07 23:53:03,069 INFO Epoch 0
31: 2018-10-07 23:53:03,070 INFO Epoch 0
33: 2018-10-07 23:53:03,065 INFO Epoch 0
55: 2018-10-07 23:53:03,068 INFO Epoch 0
63: 2018-10-07 23:53:03,067 INFO Epoch 0
12: 2018-10-07 23:53:03,068 INFO Epoch 0
48: 2018-10-07 23:53:03,068 INFO Epoch 0
36: 2018-10-07 23:53:03,067 INFO Epoch 0
56: 2018-10-07 23:53:03,065 INFO Epoch 0
32: 2018-10-07 23:53:03,068 INFO Epoch 0
40: 2018-10-07 23:53:03,067 INFO Epoch 0
50: 2018-10-07 23:53:03,065 INFO Epoch 0
22: 2018-10-07 23:53:03,067 INFO Epoch 0
18: 2018-10-07 23:53:03,067 INFO Epoch 0
28: 2018-10-07 23:53:03,069 INFO Epoch 0
41: 2018-10-07 23:53:03,068 INFO Epoch 0
43: 2018-10-07 23:53:03,069 INFO Epoch 0
57: 2018-10-07 23:53:03,066 INFO Epoch 0
61: 2018-10-07 23:53:03,067 INFO Epoch 0
21: 2018-10-07 23:53:03,068 INFO Epoch 0
47: 2018-10-07 23:53:03,067 INFO Epoch 0
59: 2018-10-07 23:53:03,066 INFO Epoch 0
29: 2018-10-07 23:53:03,067 INFO Epoch 0
23: 2018-10-07 23:53:03,068 INFO Epoch 0
49: 2018-10-07 23:53:03,069 INFO Epoch 0
51: 2018-10-07 23:53:03,067 INFO Epoch 0
45: 2018-10-07 23:53:03,068 INFO Epoch 0
15: 2018-10-07 23:53:03,069 INFO Epoch 0
38: 2018-10-07 23:53:03,068 INFO Epoch 0
42: 2018-10-07 23:53:03,065 INFO Epoch 0
24: 2018-10-07 23:53:03,067 INFO Epoch 0
54: 2018-10-07 23:53:03,068 INFO Epoch 0
30: 2018-10-07 23:53:03,067 INFO Epoch 0
46: 2018-10-07 23:53:03,068 INFO Epoch 0
58: 2018-10-07 23:53:03,068 INFO Epoch 0
62: 2018-10-07 23:53:03,068 INFO Epoch 0
44: 2018-10-07 23:53:03,068 INFO Epoch 0
14: 2018-10-07 23:53:03,067 INFO Epoch 0
60: 2018-10-07 23:53:03,065 INFO Epoch 0
13: 2018-10-07 23:53:03,064 INFO Epoch 0
 0: 2018-10-07 23:53:03,069 INFO Model: 
 0: DistributedDataParallelCPU(
 0:   (module): ResNet(
 0:     (conv1): Conv2d(3, 64, kernel_size=(3, 3), stride=(1, 1), padding=(1, 1), bias=False)
 0:     (bn1): BatchNorm2d(64, eps=1e-05, momentum=0.1, affine=True, track_running_stats=True)
 0:     (layer1): Sequential(
 0:       (0): Bottleneck(
 0:         (conv1): Conv2d(64, 64, kernel_size=(1, 1), stride=(1, 1), bias=False)
 0:         (bn1): BatchNorm2d(64, eps=1e-05, momentum=0.1, affine=True, track_running_stats=True)
 0:         (conv2): Conv2d(64, 64, kernel_size=(3, 3), stride=(1, 1), padding=(1, 1), bias=False)
 0:         (bn2): BatchNorm2d(64, eps=1e-05, momentum=0.1, affine=True, track_running_stats=True)
 0:         (conv3): Conv2d(64, 256, kernel_size=(1, 1), stride=(1, 1), bias=False)
 0:         (bn3): BatchNorm2d(256, eps=1e-05, momentum=0.1, affine=True, track_running_stats=True)
 0:         (shortcut): Sequential(
 0:           (0): Conv2d(64, 256, kernel_size=(1, 1), stride=(1, 1), bias=False)
 0:           (1): BatchNorm2d(256, eps=1e-05, momentum=0.1, affine=True, track_running_stats=True)
 0:         )
 0:       )
 0:       (1): Bottleneck(
 0:         (conv1): Conv2d(256, 64, kernel_size=(1, 1), stride=(1, 1), bias=False)
 0:         (bn1): BatchNorm2d(64, eps=1e-05, momentum=0.1, affine=True, track_running_stats=True)
 0:         (conv2): Conv2d(64, 64, kernel_size=(3, 3), stride=(1, 1), padding=(1, 1), bias=False)
 0:         (bn2): BatchNorm2d(64, eps=1e-05, momentum=0.1, affine=True, track_running_stats=True)
 0:         (conv3): Conv2d(64, 256, kernel_size=(1, 1), stride=(1, 1), bias=False)
 0:         (bn3): BatchNorm2d(256, eps=1e-05, momentum=0.1, affine=True, track_running_stats=True)
 0:         (shortcut): Sequential()
 0:       )
 0:       (2): Bottleneck(
 0:         (conv1): Conv2d(256, 64, kernel_size=(1, 1), stride=(1, 1), bias=False)
 0:         (bn1): BatchNorm2d(64, eps=1e-05, momentum=0.1, affine=True, track_running_stats=True)
 0:         (conv2): Conv2d(64, 64, kernel_size=(3, 3), stride=(1, 1), padding=(1, 1), bias=False)
 0:         (bn2): BatchNorm2d(64, eps=1e-05, momentum=0.1, affine=True, track_running_stats=True)
 0:         (conv3): Conv2d(64, 256, kernel_size=(1, 1), stride=(1, 1), bias=False)
 0:         (bn3): BatchNorm2d(256, eps=1e-05, momentum=0.1, affine=True, track_running_stats=True)
 0:         (shortcut): Sequential()
 0:       )
 0:     )
 0:     (layer2): Sequential(
 0:       (0): Bottleneck(
 0:         (conv1): Conv2d(256, 128, kernel_size=(1, 1), stride=(1, 1), bias=False)
 0:         (bn1): BatchNorm2d(128, eps=1e-05, momentum=0.1, affine=True, track_running_stats=True)
 0:         (conv2): Conv2d(128, 128, kernel_size=(3, 3), stride=(2, 2), padding=(1, 1), bias=False)
 0:         (bn2): BatchNorm2d(128, eps=1e-05, momentum=0.1, affine=True, track_running_stats=True)
 0:         (conv3): Conv2d(128, 512, kernel_size=(1, 1), stride=(1, 1), bias=False)
 0:         (bn3): BatchNorm2d(512, eps=1e-05, momentum=0.1, affine=True, track_running_stats=True)
 0:         (shortcut): Sequential(
 0:           (0): Conv2d(256, 512, kernel_size=(1, 1), stride=(2, 2), bias=False)
 0:           (1): BatchNorm2d(512, eps=1e-05, momentum=0.1, affine=True, track_running_stats=True)
 0:         )
 0:       )
 0:       (1): Bottleneck(
 0:         (conv1): Conv2d(512, 128, kernel_size=(1, 1), stride=(1, 1), bias=False)
 0:         (bn1): BatchNorm2d(128, eps=1e-05, momentum=0.1, affine=True, track_running_stats=True)
 0:         (conv2): Conv2d(128, 128, kernel_size=(3, 3), stride=(1, 1), padding=(1, 1), bias=False)
 0:         (bn2): BatchNorm2d(128, eps=1e-05, momentum=0.1, affine=True, track_running_stats=True)
 0:         (conv3): Conv2d(128, 512, kernel_size=(1, 1), stride=(1, 1), bias=False)
 0:         (bn3): BatchNorm2d(512, eps=1e-05, momentum=0.1, affine=True, track_running_stats=True)
 0:         (shortcut): Sequential()
 0:       )
 0:       (2): Bottleneck(
 0:         (conv1): Conv2d(512, 128, kernel_size=(1, 1), stride=(1, 1), bias=False)
 0:         (bn1): BatchNorm2d(128, eps=1e-05, momentum=0.1, affine=True, track_running_stats=True)
 0:         (conv2): Conv2d(128, 128, kernel_size=(3, 3), stride=(1, 1), padding=(1, 1), bias=False)
 0:         (bn2): BatchNorm2d(128, eps=1e-05, momentum=0.1, affine=True, track_running_stats=True)
 0:         (conv3): Conv2d(128, 512, kernel_size=(1, 1), stride=(1, 1), bias=False)
 0:         (bn3): BatchNorm2d(512, eps=1e-05, momentum=0.1, affine=True, track_running_stats=True)
 0:         (shortcut): Sequential()
 0:       )
 0:       (3): Bottleneck(
 0:         (conv1): Conv2d(512, 128, kernel_size=(1, 1), stride=(1, 1), bias=False)
 0:         (bn1): BatchNorm2d(128, eps=1e-05, momentum=0.1, affine=True, track_running_stats=True)
 0:         (conv2): Conv2d(128, 128, kernel_size=(3, 3), stride=(1, 1), padding=(1, 1), bias=False)
 0:         (bn2): BatchNorm2d(128, eps=1e-05, momentum=0.1, affine=True, track_running_stats=True)
 0:         (conv3): Conv2d(128, 512, kernel_size=(1, 1), stride=(1, 1), bias=False)
 0:         (bn3): BatchNorm2d(512, eps=1e-05, momentum=0.1, affine=True, track_running_stats=True)
 0:         (shortcut): Sequential()
 0:       )
 0:     )
 0:     (layer3): Sequential(
 0:       (0): Bottleneck(
 0:         (conv1): Conv2d(512, 256, kernel_size=(1, 1), stride=(1, 1), bias=False)
 0:         (bn1): BatchNorm2d(256, eps=1e-05, momentum=0.1, affine=True, track_running_stats=True)
 0:         (conv2): Conv2d(256, 256, kernel_size=(3, 3), stride=(2, 2), padding=(1, 1), bias=False)
 0:         (bn2): BatchNorm2d(256, eps=1e-05, momentum=0.1, affine=True, track_running_stats=True)
 0:         (conv3): Conv2d(256, 1024, kernel_size=(1, 1), stride=(1, 1), bias=False)
 0:         (bn3): BatchNorm2d(1024, eps=1e-05, momentum=0.1, affine=True, track_running_stats=True)
 0:         (shortcut): Sequential(
 0:           (0): Conv2d(512, 1024, kernel_size=(1, 1), stride=(2, 2), bias=False)
 0:           (1): BatchNorm2d(1024, eps=1e-05, momentum=0.1, affine=True, track_running_stats=True)
 0:         )
 0:       )
 0:       (1): Bottleneck(
 0:         (conv1): Conv2d(1024, 256, kernel_size=(1, 1), stride=(1, 1), bias=False)
 0:         (bn1): BatchNorm2d(256, eps=1e-05, momentum=0.1, affine=True, track_running_stats=True)
 0:         (conv2): Conv2d(256, 256, kernel_size=(3, 3), stride=(1, 1), padding=(1, 1), bias=False)
 0:         (bn2): BatchNorm2d(256, eps=1e-05, momentum=0.1, affine=True, track_running_stats=True)
 0:         (conv3): Conv2d(256, 1024, kernel_size=(1, 1), stride=(1, 1), bias=False)
 0:         (bn3): BatchNorm2d(1024, eps=1e-05, momentum=0.1, affine=True, track_running_stats=True)
 0:         (shortcut): Sequential()
 0:       )
 0:       (2): Bottleneck(
 0:         (conv1): Conv2d(1024, 256, kernel_size=(1, 1), stride=(1, 1), bias=False)
 0:         (bn1): BatchNorm2d(256, eps=1e-05, momentum=0.1, affine=True, track_running_stats=True)
 0:         (conv2): Conv2d(256, 256, kernel_size=(3, 3), stride=(1, 1), padding=(1, 1), bias=False)
 0:         (bn2): BatchNorm2d(256, eps=1e-05, momentum=0.1, affine=True, track_running_stats=True)
 0:         (conv3): Conv2d(256, 1024, kernel_size=(1, 1), stride=(1, 1), bias=False)
 0:         (bn3): BatchNorm2d(1024, eps=1e-05, momentum=0.1, affine=True, track_running_stats=True)
 0:         (shortcut): Sequential()
 0:       )
 0:       (3): Bottleneck(
 0:         (conv1): Conv2d(1024, 256, kernel_size=(1, 1), stride=(1, 1), bias=False)
 0:         (bn1): BatchNorm2d(256, eps=1e-05, momentum=0.1, affine=True, track_running_stats=True)
 0:         (conv2): Conv2d(256, 256, kernel_size=(3, 3), stride=(1, 1), padding=(1, 1), bias=False)
 0:         (bn2): BatchNorm2d(256, eps=1e-05, momentum=0.1, affine=True, track_running_stats=True)
 0:         (conv3): Conv2d(256, 1024, kernel_size=(1, 1), stride=(1, 1), bias=False)
 0:         (bn3): BatchNorm2d(1024, eps=1e-05, momentum=0.1, affine=True, track_running_stats=True)
 0:         (shortcut): Sequential()
 0:       )
 0:       (4): Bottleneck(
 0:         (conv1): Conv2d(1024, 256, kernel_size=(1, 1), stride=(1, 1), bias=False)
 0:         (bn1): BatchNorm2d(256, eps=1e-05, momentum=0.1, affine=True, track_running_stats=True)
 0:         (conv2): Conv2d(256, 256, kernel_size=(3, 3), stride=(1, 1), padding=(1, 1), bias=False)
 0:         (bn2): BatchNorm2d(256, eps=1e-05, momentum=0.1, affine=True, track_running_stats=True)
 0:         (conv3): Conv2d(256, 1024, kernel_size=(1, 1), stride=(1, 1), bias=False)
 0:         (bn3): BatchNorm2d(1024, eps=1e-05, momentum=0.1, affine=True, track_running_stats=True)
 0:         (shortcut): Sequential()
 0:       )
 0:       (5): Bottleneck(
 0:         (conv1): Conv2d(1024, 256, kernel_size=(1, 1), stride=(1, 1), bias=False)
 0:         (bn1): BatchNorm2d(256, eps=1e-05, momentum=0.1, affine=True, track_running_stats=True)
 0:         (conv2): Conv2d(256, 256, kernel_size=(3, 3), stride=(1, 1), padding=(1, 1), bias=False)
 0:         (bn2): BatchNorm2d(256, eps=1e-05, momentum=0.1, affine=True, track_running_stats=True)
 0:         (conv3): Conv2d(256, 1024, kernel_size=(1, 1), stride=(1, 1), bias=False)
 0:         (bn3): BatchNorm2d(1024, eps=1e-05, momentum=0.1, affine=True, track_running_stats=True)
 0:         (shortcut): Sequential()
 0:       )
 0:     )
 0:     (layer4): Sequential(
 0:       (0): Bottleneck(
 0:         (conv1): Conv2d(1024, 512, kernel_size=(1, 1), stride=(1, 1), bias=False)
 0:         (bn1): BatchNorm2d(512, eps=1e-05, momentum=0.1, affine=True, track_running_stats=True)
 0:         (conv2): Conv2d(512, 512, kernel_size=(3, 3), stride=(2, 2), padding=(1, 1), bias=False)
 0:         (bn2): BatchNorm2d(512, eps=1e-05, momentum=0.1, affine=True, track_running_stats=True)
 0:         (conv3): Conv2d(512, 2048, kernel_size=(1, 1), stride=(1, 1), bias=False)
 0:         (bn3): BatchNorm2d(2048, eps=1e-05, momentum=0.1, affine=True, track_running_stats=True)
 0:         (shortcut): Sequential(
 0:           (0): Conv2d(1024, 2048, kernel_size=(1, 1), stride=(2, 2), bias=False)
 0:           (1): BatchNorm2d(2048, eps=1e-05, momentum=0.1, affine=True, track_running_stats=True)
 0:         )
 0:       )
 0:       (1): Bottleneck(
 0:         (conv1): Conv2d(2048, 512, kernel_size=(1, 1), stride=(1, 1), bias=False)
 0:         (bn1): BatchNorm2d(512, eps=1e-05, momentum=0.1, affine=True, track_running_stats=True)
 0:         (conv2): Conv2d(512, 512, kernel_size=(3, 3), stride=(1, 1), padding=(1, 1), bias=False)
 0:         (bn2): BatchNorm2d(512, eps=1e-05, momentum=0.1, affine=True, track_running_stats=True)
 0:         (conv3): Conv2d(512, 2048, kernel_size=(1, 1), stride=(1, 1), bias=False)
 0:         (bn3): BatchNorm2d(2048, eps=1e-05, momentum=0.1, affine=True, track_running_stats=True)
 0:         (shortcut): Sequential()
 0:       )
 0:       (2): Bottleneck(
 0:         (conv1): Conv2d(2048, 512, kernel_size=(1, 1), stride=(1, 1), bias=False)
 0:         (bn1): BatchNorm2d(512, eps=1e-05, momentum=0.1, affine=True, track_running_stats=True)
 0:         (conv2): Conv2d(512, 512, kernel_size=(3, 3), stride=(1, 1), padding=(1, 1), bias=False)
 0:         (bn2): BatchNorm2d(512, eps=1e-05, momentum=0.1, affine=True, track_running_stats=True)
 0:         (conv3): Conv2d(512, 2048, kernel_size=(1, 1), stride=(1, 1), bias=False)
 0:         (bn3): BatchNorm2d(2048, eps=1e-05, momentum=0.1, affine=True, track_running_stats=True)
 0:         (shortcut): Sequential()
 0:       )
 0:     )
 0:     (linear): Linear(in_features=2048, out_features=10, bias=True)
 0:   )
 0: )
 0: Parameters: 23520842
 0: 2018-10-07 23:53:03,069 INFO Epoch 0
24: 2018-10-07 23:53:29,706 INFO   Training loss: 2.557
35: 2018-10-07 23:53:29,706 INFO   Training loss: 2.556
25: 2018-10-07 23:53:29,706 INFO   Training loss: 2.579
41: 2018-10-07 23:53:29,706 INFO   Training loss: 2.575
23: 2018-10-07 23:53:29,707 INFO   Training loss: 2.785
27: 2018-10-07 23:53:29,707 INFO   Training loss: 2.501
11: 2018-10-07 23:53:29,707 INFO   Training loss: 2.589
33: 2018-10-07 23:53:29,705 INFO   Training loss: 2.685
36: 2018-10-07 23:53:29,706 INFO   Training loss: 2.553
28: 2018-10-07 23:53:29,708 INFO   Training loss: 2.366
21: 2018-10-07 23:53:29,707 INFO   Training loss: 2.670
53: 2018-10-07 23:53:29,705 INFO   Training loss: 2.582
29: 2018-10-07 23:53:29,706 INFO   Training loss: 2.616
14: 2018-10-07 23:53:29,706 INFO   Training loss: 2.734
17: 2018-10-07 23:53:29,645 INFO   Training loss: 2.664
 2: 2018-10-07 23:53:29,706 INFO   Training loss: 2.670
39: 2018-10-07 23:53:29,708 INFO   Training loss: 2.616
 3: 2018-10-07 23:53:29,706 INFO   Training loss: 2.464
 8: 2018-10-07 23:53:29,709 INFO   Training loss: 2.590
50: 2018-10-07 23:53:29,704 INFO   Training loss: 2.584
43: 2018-10-07 23:53:29,708 INFO   Training loss: 2.636
47: 2018-10-07 23:53:29,706 INFO   Training loss: 2.670
51: 2018-10-07 23:53:29,707 INFO   Training loss: 2.530
45: 2018-10-07 23:53:29,707 INFO   Training loss: 2.626
34: 2018-10-07 23:53:29,706 INFO   Training loss: 2.603
52: 2018-10-07 23:53:29,705 INFO   Training loss: 2.585
54: 2018-10-07 23:53:29,708 INFO   Training loss: 2.582
30: 2018-10-07 23:53:29,707 INFO   Training loss: 2.470
60: 2018-10-07 23:53:29,705 INFO   Training loss: 2.498
13: 2018-10-07 23:53:29,704 INFO   Training loss: 2.669
 5: 2018-10-07 23:53:29,708 INFO   Training loss: 2.534
63: 2018-10-07 23:53:29,707 INFO   Training loss: 2.585
 4: 2018-10-07 23:53:29,707 INFO   Training loss: 2.686
40: 2018-10-07 23:53:29,707 INFO   Training loss: 2.521
22: 2018-10-07 23:53:29,707 INFO   Training loss: 2.627
18: 2018-10-07 23:53:29,707 INFO   Training loss: 2.524
57: 2018-10-07 23:53:29,706 INFO   Training loss: 2.640
49: 2018-10-07 23:53:29,708 INFO   Training loss: 2.519
42: 2018-10-07 23:53:29,705 INFO   Training loss: 2.647
26: 2018-10-07 23:53:29,707 INFO   Training loss: 2.568
58: 2018-10-07 23:53:29,707 INFO   Training loss: 2.603
44: 2018-10-07 23:53:29,707 INFO   Training loss: 2.740
10: 2018-10-07 23:53:29,707 INFO   Training loss: 2.656
46: 2018-10-07 23:53:29,707 INFO   Training loss: 2.771
 1: 2018-10-07 23:53:29,709 INFO   Training loss: 2.621
 0: 2018-10-07 23:53:29,707 INFO   Training loss: 2.453
38: 2018-10-07 23:53:29,709 INFO   Training loss: 2.434
20: 2018-10-07 23:53:29,708 INFO   Training loss: 2.501
15: 2018-10-07 23:53:29,710 INFO   Training loss: 2.613
32: 2018-10-07 23:53:29,710 INFO   Training loss: 2.603
 7: 2018-10-07 23:53:29,711 INFO   Training loss: 2.639
37: 2018-10-07 23:53:29,710 INFO   Training loss: 2.458
62: 2018-10-07 23:53:29,710 INFO   Training loss: 2.733
 9: 2018-10-07 23:53:29,710 INFO   Training loss: 2.631
 6: 2018-10-07 23:53:29,710 INFO   Training loss: 2.620
19: 2018-10-07 23:53:29,710 INFO   Training loss: 2.531
31: 2018-10-07 23:53:29,712 INFO   Training loss: 2.465
56: 2018-10-07 23:53:29,707 INFO   Training loss: 2.624
59: 2018-10-07 23:53:29,709 INFO   Training loss: 2.603
48: 2018-10-07 23:53:29,710 INFO   Training loss: 2.530
16: 2018-10-07 23:53:29,709 INFO   Training loss: 2.704
55: 2018-10-07 23:53:29,711 INFO   Training loss: 2.555
61: 2018-10-07 23:53:29,710 INFO   Training loss: 2.658
12: 2018-10-07 23:53:29,711 INFO   Training loss: 2.588
20: 2018-10-07 23:54:52,254 INFO   Validation loss: 2.325 acc: 0.101
20: 2018-10-07 23:54:52,254 INFO Finished training
20: 2018-10-07 23:54:52,255 INFO Train samples 512 time 26.6412s rate 19.2184 samples/s
20: 2018-10-07 23:54:52,255 INFO Valid rate: 99.2495 samples/s
20: 2018-10-07 23:54:52,255 INFO All done!
20: Files already downloaded and verified
20: Files already downloaded and verified
19: 2018-10-07 23:54:52,439 INFO   Validation loss: 2.325 acc: 0.101
19: 2018-10-07 23:54:52,440 INFO Finished training
19: 2018-10-07 23:54:52,440 INFO Train samples 512 time 26.6416s rate 19.218 samples/s
19: 2018-10-07 23:54:52,440 INFO Valid rate: 99.0467 samples/s
19: 2018-10-07 23:54:52,440 INFO All done!
19: Files already downloaded and verified
19: Files already downloaded and verified
48: 2018-10-07 23:54:52,717 INFO   Validation loss: 2.326 acc: 0.101
48: 2018-10-07 23:54:52,717 INFO Finished training
48: 2018-10-07 23:54:52,717 INFO Train samples 512 time 26.6418s rate 19.2179 samples/s
48: 2018-10-07 23:54:52,717 INFO Valid rate: 98.6922 samples/s
48: 2018-10-07 23:54:52,717 INFO All done!
48: Files already downloaded and verified
48: Files already downloaded and verified
62: 2018-10-07 23:54:52,802 INFO   Validation loss: 2.325 acc: 0.101
62: 2018-10-07 23:54:52,802 INFO Finished training
62: 2018-10-07 23:54:52,802 INFO Train samples 512 time 26.6415s rate 19.2181 samples/s
62: 2018-10-07 23:54:52,802 INFO Valid rate: 98.6101 samples/s
62: 2018-10-07 23:54:52,802 INFO All done!
62: Files already downloaded and verified
62: Files already downloaded and verified
55: 2018-10-07 23:54:52,870 INFO   Validation loss: 2.326 acc: 0.101
55: 2018-10-07 23:54:52,871 INFO Finished training
55: 2018-10-07 23:54:52,871 INFO Train samples 512 time 26.6419s rate 19.2179 samples/s
55: 2018-10-07 23:54:52,871 INFO Valid rate: 98.5103 samples/s
55: 2018-10-07 23:54:52,871 INFO All done!
55: Files already downloaded and verified
55: Files already downloaded and verified
47: 2018-10-07 23:54:53,040 INFO   Validation loss: 2.326 acc: 0.101
47: 2018-10-07 23:54:53,040 INFO Finished training
47: 2018-10-07 23:54:53,040 INFO Train samples 512 time 26.6389s rate 19.22 samples/s
47: 2018-10-07 23:54:53,041 INFO Valid rate: 98.3137 samples/s
47: 2018-10-07 23:54:53,041 INFO All done!
47: Files already downloaded and verified
47: Files already downloaded and verified
24: 2018-10-07 23:54:53,127 INFO   Validation loss: 2.328 acc: 0.101
59: 2018-10-07 23:54:53,127 INFO   Validation loss: 2.323 acc: 0.101
24: 2018-10-07 23:54:53,128 INFO Finished training
59: 2018-10-07 23:54:53,127 INFO Finished training
24: 2018-10-07 23:54:53,128 INFO Train samples 512 time 26.6383s rate 19.2205 samples/s
59: 2018-10-07 23:54:53,128 INFO Train samples 512 time 26.6418s rate 19.2179 samples/s
24: 2018-10-07 23:54:53,128 INFO Valid rate: 98.2173 samples/s
59: 2018-10-07 23:54:53,128 INFO Valid rate: 98.2052 samples/s
24: 2018-10-07 23:54:53,128 INFO All done!
59: 2018-10-07 23:54:53,128 INFO All done!
24: Files already downloaded and verified
24: Files already downloaded and verified
59: Files already downloaded and verified
59: Files already downloaded and verified
32: 2018-10-07 23:54:53,140 INFO   Validation loss: 2.324 acc: 0.101
32: 2018-10-07 23:54:53,140 INFO Finished training
32: 2018-10-07 23:54:53,141 INFO Train samples 512 time 26.6413s rate 19.2183 samples/s
32: 2018-10-07 23:54:53,141 INFO Valid rate: 98.1917 samples/s
32: 2018-10-07 23:54:53,141 INFO All done!
32: Files already downloaded and verified
32: Files already downloaded and verified
 6: 2018-10-07 23:54:53,186 INFO   Validation loss: 2.325 acc: 0.101
 6: 2018-10-07 23:54:53,186 INFO Finished training
 6: 2018-10-07 23:54:53,186 INFO Train samples 512 time 26.6416s rate 19.2181 samples/s
 6: 2018-10-07 23:54:53,186 INFO Valid rate: 98.1383 samples/s
 6: 2018-10-07 23:54:53,186 INFO All done!
 6: Files already downloaded and verified
 6: Files already downloaded and verified
38: 2018-10-07 23:54:53,234 INFO   Validation loss: 2.324 acc: 0.101
38: 2018-10-07 23:54:53,235 INFO Finished training
38: 2018-10-07 23:54:53,235 INFO Train samples 512 time 26.6412s rate 19.2184 samples/s
38: 2018-10-07 23:54:53,235 INFO Valid rate: 98.0915 samples/s
38: 2018-10-07 23:54:53,235 INFO All done!
38: Files already downloaded and verified
38: Files already downloaded and verified
56: 2018-10-07 23:54:53,259 INFO   Validation loss: 2.327 acc: 0.101
56: 2018-10-07 23:54:53,260 INFO Finished training
 9: 2018-10-07 23:54:53,262 INFO   Validation loss: 2.325 acc: 0.101
 9: 2018-10-07 23:54:53,262 INFO Finished training
56: 2018-10-07 23:54:53,260 INFO Train samples 512 time 26.6417s rate 19.218 samples/s
 9: 2018-10-07 23:54:53,262 INFO Train samples 512 time 26.6416s rate 19.218 samples/s
56: 2018-10-07 23:54:53,260 INFO Valid rate: 98.0481 samples/s
 9: 2018-10-07 23:54:53,263 INFO Valid rate: 98.0531 samples/s
56: 2018-10-07 23:54:53,260 INFO All done!
 9: 2018-10-07 23:54:53,263 INFO All done!
56: Files already downloaded and verified
56: Files already downloaded and verified
 9: Files already downloaded and verified
 9: Files already downloaded and verified
 7: 2018-10-07 23:54:53,640 INFO   Validation loss: 2.324 acc: 0.101
 7: 2018-10-07 23:54:53,640 INFO Finished training
 7: 2018-10-07 23:54:53,640 INFO Train samples 512 time 26.6415s rate 19.2181 samples/s
 7: 2018-10-07 23:54:53,641 INFO Valid rate: 97.6134 samples/s
 7: 2018-10-07 23:54:53,641 INFO All done!
37: 2018-10-07 23:54:53,639 INFO   Validation loss: 2.323 acc: 0.101
37: 2018-10-07 23:54:53,639 INFO Finished training
37: 2018-10-07 23:54:53,640 INFO Train samples 512 time 26.6415s rate 19.2181 samples/s
37: 2018-10-07 23:54:53,640 INFO Valid rate: 97.6124 samples/s
37: 2018-10-07 23:54:53,640 INFO All done!
 7: Files already downloaded and verified
 7: Files already downloaded and verified
37: Files already downloaded and verified
37: Files already downloaded and verified
31: 2018-10-07 23:54:53,709 INFO   Validation loss: 2.327 acc: 0.101
31: 2018-10-07 23:54:53,709 INFO Finished training
31: 2018-10-07 23:54:53,710 INFO Train samples 512 time 26.6416s rate 19.2181 samples/s
31: 2018-10-07 23:54:53,710 INFO Valid rate: 97.5488 samples/s
31: 2018-10-07 23:54:53,710 INFO All done!
31: Files already downloaded and verified
31: Files already downloaded and verified
15: 2018-10-07 23:54:53,821 INFO   Validation loss: 2.325 acc: 0.101
15: 2018-10-07 23:54:53,821 INFO Finished training
15: 2018-10-07 23:54:53,822 INFO Train samples 512 time 26.6413s rate 19.2183 samples/s
15: 2018-10-07 23:54:53,822 INFO Valid rate: 97.3967 samples/s
15: 2018-10-07 23:54:53,822 INFO All done!
15: Files already downloaded and verified
15: Files already downloaded and verified
57: 2018-10-07 23:54:53,875 INFO   Validation loss: 2.327 acc: 0.101
57: 2018-10-07 23:54:53,875 INFO Finished training
57: 2018-10-07 23:54:53,875 INFO Train samples 512 time 26.6392s rate 19.2198 samples/s
57: 2018-10-07 23:54:53,875 INFO Valid rate: 97.3296 samples/s
57: 2018-10-07 23:54:53,875 INFO All done!
61: 2018-10-07 23:54:53,879 INFO   Validation loss: 2.326 acc: 0.101
61: 2018-10-07 23:54:53,879 INFO Finished training
61: 2018-10-07 23:54:53,880 INFO Train samples 512 time 26.6424s rate 19.2175 samples/s
61: 2018-10-07 23:54:53,880 INFO Valid rate: 97.3362 samples/s
61: 2018-10-07 23:54:53,880 INFO All done!
57: Files already downloaded and verified
57: Files already downloaded and verified
61: Files already downloaded and verified
61: Files already downloaded and verified
16: 2018-10-07 23:54:54,023 INFO   Validation loss: 2.322 acc: 0.101
16: 2018-10-07 23:54:54,023 INFO Finished training
16: 2018-10-07 23:54:54,023 INFO Train samples 512 time 26.6419s rate 19.2179 samples/s
16: 2018-10-07 23:54:54,023 INFO Valid rate: 97.1619 samples/s
16: 2018-10-07 23:54:54,024 INFO All done!
16: Files already downloaded and verified
16: Files already downloaded and verified
 4: 2018-10-07 23:54:54,097 INFO   Validation loss: 2.325 acc: 0.101
 4: 2018-10-07 23:54:54,097 INFO Finished training
 4: 2018-10-07 23:54:54,098 INFO Train samples 512 time 26.6392s rate 19.2198 samples/s
 4: 2018-10-07 23:54:54,098 INFO Valid rate: 97.0744 samples/s
 4: 2018-10-07 23:54:54,098 INFO All done!
 4: Files already downloaded and verified
 4: Files already downloaded and verified
21: 2018-10-07 23:54:54,262 INFO   Validation loss: 2.326 acc: 0.101
21: 2018-10-07 23:54:54,262 INFO Finished training
21: 2018-10-07 23:54:54,263 INFO Train samples 512 time 26.6388s rate 19.2201 samples/s
21: 2018-10-07 23:54:54,263 INFO Valid rate: 96.9201 samples/s
21: 2018-10-07 23:54:54,263 INFO All done!
21: Files already downloaded and verified
21: Files already downloaded and verified
28: 2018-10-07 23:54:54,276 INFO   Validation loss: 2.328 acc: 0.101
28: 2018-10-07 23:54:54,277 INFO Finished training
28: 2018-10-07 23:54:54,277 INFO Train samples 512 time 26.6387s rate 19.2202 samples/s
28: 2018-10-07 23:54:54,277 INFO Valid rate: 96.8747 samples/s
28: 2018-10-07 23:54:54,277 INFO All done!
12: 2018-10-07 23:54:54,279 INFO   Validation loss: 2.327 acc: 0.101
12: 2018-10-07 23:54:54,279 INFO Finished training
12: 2018-10-07 23:54:54,279 INFO Train samples 512 time 26.643s rate 19.217 samples/s
12: 2018-10-07 23:54:54,279 INFO Valid rate: 96.8707 samples/s
12: 2018-10-07 23:54:54,279 INFO All done!
28: Files already downloaded and verified
28: Files already downloaded and verified
12: Files already downloaded and verified
12: Files already downloaded and verified
51: 2018-10-07 23:54:54,304 INFO   Validation loss: 2.328 acc: 0.101
51: 2018-10-07 23:54:54,304 INFO Finished training
51: 2018-10-07 23:54:54,304 INFO Train samples 512 time 26.639s rate 19.2199 samples/s
51: 2018-10-07 23:54:54,304 INFO Valid rate: 96.8369 samples/s
51: 2018-10-07 23:54:54,304 INFO All done!
51: Files already downloaded and verified
51: Files already downloaded and verified
41: 2018-10-07 23:54:54,392 INFO   Validation loss: 2.326 acc: 0.101
41: 2018-10-07 23:54:54,392 INFO Finished training
41: 2018-10-07 23:54:54,392 INFO Train samples 512 time 26.6383s rate 19.2204 samples/s
41: 2018-10-07 23:54:54,392 INFO Valid rate: 96.7361 samples/s
41: 2018-10-07 23:54:54,392 INFO All done!
41: Files already downloaded and verified
41: Files already downloaded and verified
50: 2018-10-07 23:54:54,412 INFO   Validation loss: 2.327 acc: 0.101
50: 2018-10-07 23:54:54,412 INFO Finished training
50: 2018-10-07 23:54:54,412 INFO Train samples 512 time 26.6389s rate 19.22 samples/s
50: 2018-10-07 23:54:54,413 INFO Valid rate: 96.7333 samples/s
50: 2018-10-07 23:54:54,413 INFO All done!
50: Files already downloaded and verified
50: Files already downloaded and verified
 0: 2018-10-07 23:54:54,481 INFO   Validation loss: 2.326 acc: 0.101
52: 2018-10-07 23:54:54,485 INFO   Validation loss: 2.325 acc: 0.101
52: 2018-10-07 23:54:54,485 INFO Finished training
52: 2018-10-07 23:54:54,486 INFO Train samples 512 time 26.639s rate 19.2199 samples/s
52: 2018-10-07 23:54:54,486 INFO Valid rate: 96.6387 samples/s
52: 2018-10-07 23:54:54,486 INFO All done!
39: 2018-10-07 23:54:54,496 INFO   Validation loss: 2.325 acc: 0.101
39: 2018-10-07 23:54:54,496 INFO Finished training
39: 2018-10-07 23:54:54,497 INFO Train samples 512 time 26.639s rate 19.2199 samples/s
39: 2018-10-07 23:54:54,497 INFO Valid rate: 96.6188 samples/s
39: 2018-10-07 23:54:54,497 INFO All done!
52: Files already downloaded and verified
52: Files already downloaded and verified
39: Files already downloaded and verified
39: Files already downloaded and verified
29: 2018-10-07 23:54:54,543 INFO   Validation loss: 2.329 acc: 0.101
29: 2018-10-07 23:54:54,543 INFO Finished training
29: 2018-10-07 23:54:54,543 INFO Train samples 512 time 26.6387s rate 19.2201 samples/s
29: 2018-10-07 23:54:54,543 INFO Valid rate: 96.5636 samples/s
29: 2018-10-07 23:54:54,543 INFO All done!
 1: 2018-10-07 23:54:54,552 INFO   Validation loss: 2.326 acc: 0.101
 1: 2018-10-07 23:54:54,552 INFO Finished training
 1: 2018-10-07 23:54:54,553 INFO Train samples 512 time 26.6397s rate 19.2194 samples/s
 1: 2018-10-07 23:54:54,553 INFO Valid rate: 96.5556 samples/s
 1: 2018-10-07 23:54:54,553 INFO All done!
29: Files already downloaded and verified
29: Files already downloaded and verified
11: 2018-10-07 23:54:54,559 INFO   Validation loss: 2.327 acc: 0.101
11: 2018-10-07 23:54:54,559 INFO Finished training
11: 2018-10-07 23:54:54,560 INFO Train samples 512 time 26.6385s rate 19.2203 samples/s
11: 2018-10-07 23:54:54,560 INFO Valid rate: 96.5618 samples/s
11: 2018-10-07 23:54:54,560 INFO All done!
49: 2018-10-07 23:54:54,561 INFO   Validation loss: 2.327 acc: 0.101
49: 2018-10-07 23:54:54,561 INFO Finished training
49: 2018-10-07 23:54:54,561 INFO Train samples 512 time 26.6392s rate 19.2198 samples/s
49: 2018-10-07 23:54:54,561 INFO Valid rate: 96.5507 samples/s
49: 2018-10-07 23:54:54,561 INFO All done!
 1: Files already downloaded and verified
 1: Files already downloaded and verified
11: Files already downloaded and verified
11: Files already downloaded and verified
49: Files already downloaded and verified
49: Files already downloaded and verified
43: 2018-10-07 23:54:54,617 INFO   Validation loss: 2.324 acc: 0.101
43: 2018-10-07 23:54:54,617 INFO Finished training
43: 2018-10-07 23:54:54,617 INFO Train samples 512 time 26.6389s rate 19.22 samples/s
43: 2018-10-07 23:54:54,618 INFO Valid rate: 96.481 samples/s
43: 2018-10-07 23:54:54,618 INFO All done!
 5: 2018-10-07 23:54:54,624 INFO   Validation loss: 2.326 acc: 0.101
 5: 2018-10-07 23:54:54,624 INFO Finished training
 5: 2018-10-07 23:54:54,624 INFO Train samples 512 time 26.6391s rate 19.2199 samples/s
 5: 2018-10-07 23:54:54,624 INFO Valid rate: 96.4952 samples/s
 5: 2018-10-07 23:54:54,625 INFO All done!
43: Files already downloaded and verified
43: Files already downloaded and verified
53: 2018-10-07 23:54:54,633 INFO   Validation loss: 2.327 acc: 0.101
 5: Files already downloaded and verified
 5: Files already downloaded and verified
53: 2018-10-07 23:54:54,634 INFO Finished training
53: 2018-10-07 23:54:54,634 INFO Train samples 512 time 26.6387s rate 19.2202 samples/s
53: 2018-10-07 23:54:54,634 INFO Valid rate: 96.4785 samples/s
53: 2018-10-07 23:54:54,634 INFO All done!
53: Files already downloaded and verified
53: Files already downloaded and verified
 0: 2018-10-07 23:54:54,650 INFO Saving summaries to /global/cscratch1/sd/sfarrell/pytorch-cifar10/output/summaries.npz
 0: 2018-10-07 23:54:54,660 INFO Finished training
 0: 2018-10-07 23:54:54,660 INFO Train samples 512 time 26.6379s rate 19.2208 samples/s
 0: 2018-10-07 23:54:54,660 INFO Valid rate: 96.6349 samples/s
 0: 2018-10-07 23:54:54,661 INFO All done!
 0: Files already downloaded and verified
 0: Files already downloaded and verified
25: 2018-10-07 23:54:54,673 INFO   Validation loss: 2.325 acc: 0.101
25: 2018-10-07 23:54:54,673 INFO Finished training
25: 2018-10-07 23:54:54,673 INFO Train samples 512 time 26.6385s rate 19.2203 samples/s
25: 2018-10-07 23:54:54,674 INFO Valid rate: 96.4275 samples/s
25: 2018-10-07 23:54:54,674 INFO All done!
60: 2018-10-07 23:54:54,680 INFO   Validation loss: 2.324 acc: 0.101
60: 2018-10-07 23:54:54,680 INFO Finished training
60: 2018-10-07 23:54:54,680 INFO Train samples 512 time 26.6388s rate 19.2201 samples/s
60: 2018-10-07 23:54:54,680 INFO Valid rate: 96.4202 samples/s
60: 2018-10-07 23:54:54,680 INFO All done!
25: Files already downloaded and verified
25: Files already downloaded and verified
60: Files already downloaded and verified
60: Files already downloaded and verified
26: 2018-10-07 23:54:54,722 INFO   Validation loss: 2.324 acc: 0.101
26: 2018-10-07 23:54:54,723 INFO Finished training
26: 2018-10-07 23:54:54,723 INFO Train samples 512 time 26.6392s rate 19.2198 samples/s
26: 2018-10-07 23:54:54,723 INFO Valid rate: 96.3661 samples/s
26: 2018-10-07 23:54:54,723 INFO All done!
22: 2018-10-07 23:54:54,726 INFO   Validation loss: 2.324 acc: 0.101
22: 2018-10-07 23:54:54,726 INFO Finished training
22: 2018-10-07 23:54:54,726 INFO Train samples 512 time 26.6391s rate 19.2199 samples/s
22: 2018-10-07 23:54:54,726 INFO Valid rate: 96.3615 samples/s
22: 2018-10-07 23:54:54,726 INFO All done!
26: Files already downloaded and verified
26: Files already downloaded and verified
22: Files already downloaded and verified
22: Files already downloaded and verified
35: 2018-10-07 23:54:54,757 INFO   Validation loss: 2.323 acc: 0.101
35: 2018-10-07 23:54:54,757 INFO Finished training
35: 2018-10-07 23:54:54,758 INFO Train samples 512 time 26.6384s rate 19.2204 samples/s
35: 2018-10-07 23:54:54,758 INFO Valid rate: 96.3289 samples/s
35: 2018-10-07 23:54:54,758 INFO All done!
35: Files already downloaded and verified
35: Files already downloaded and verified
45: 2018-10-07 23:54:54,785 INFO   Validation loss: 2.324 acc: 0.101
45: 2018-10-07 23:54:54,786 INFO Finished training
45: 2018-10-07 23:54:54,786 INFO Train samples 512 time 26.6391s rate 19.2199 samples/s
45: 2018-10-07 23:54:54,786 INFO Valid rate: 96.2894 samples/s
45: 2018-10-07 23:54:54,786 INFO All done!
45: Files already downloaded and verified
45: Files already downloaded and verified
46: 2018-10-07 23:54:54,801 INFO   Validation loss: 2.327 acc: 0.101
46: 2018-10-07 23:54:54,801 INFO Finished training
46: 2018-10-07 23:54:54,802 INFO Train samples 512 time 26.6394s rate 19.2197 samples/s
46: 2018-10-07 23:54:54,802 INFO Valid rate: 96.2954 samples/s
46: 2018-10-07 23:54:54,802 INFO All done!
36: 2018-10-07 23:54:54,805 INFO   Validation loss: 2.325 acc: 0.101
36: 2018-10-07 23:54:54,805 INFO Finished training
36: 2018-10-07 23:54:54,806 INFO Train samples 512 time 26.6388s rate 19.2201 samples/s
36: 2018-10-07 23:54:54,806 INFO Valid rate: 96.2747 samples/s
36: 2018-10-07 23:54:54,806 INFO All done!
42: 2018-10-07 23:54:54,804 INFO   Validation loss: 2.325 acc: 0.101
42: 2018-10-07 23:54:54,804 INFO Finished training
42: 2018-10-07 23:54:54,805 INFO Train samples 512 time 26.6392s rate 19.2198 samples/s
42: 2018-10-07 23:54:54,805 INFO Valid rate: 96.2655 samples/s
42: 2018-10-07 23:54:54,805 INFO All done!
46: Files already downloaded and verified
46: Files already downloaded and verified
36: Files already downloaded and verified
36: Files already downloaded and verified
58: 2018-10-07 23:54:54,818 INFO   Validation loss: 2.330 acc: 0.101
42: Files already downloaded and verified
42: Files already downloaded and verified
58: 2018-10-07 23:54:54,818 INFO Finished training
58: 2018-10-07 23:54:54,818 INFO Train samples 512 time 26.6393s rate 19.2198 samples/s
58: 2018-10-07 23:54:54,818 INFO Valid rate: 96.253 samples/s
58: 2018-10-07 23:54:54,818 INFO All done!
54: 2018-10-07 23:54:54,829 INFO   Validation loss: 2.325 acc: 0.101
58: Files already downloaded and verified
58: Files already downloaded and verified
54: 2018-10-07 23:54:54,829 INFO Finished training
54: 2018-10-07 23:54:54,830 INFO Train samples 512 time 26.6389s rate 19.22 samples/s
54: 2018-10-07 23:54:54,830 INFO Valid rate: 96.24 samples/s
54: 2018-10-07 23:54:54,830 INFO All done!
63: 2018-10-07 23:54:54,830 INFO   Validation loss: 2.327 acc: 0.101
63: 2018-10-07 23:54:54,831 INFO Finished training
63: 2018-10-07 23:54:54,831 INFO Train samples 512 time 26.6392s rate 19.2198 samples/s
63: 2018-10-07 23:54:54,831 INFO Valid rate: 96.2429 samples/s
63: 2018-10-07 23:54:54,831 INFO All done!
54: Files already downloaded and verified
54: Files already downloaded and verified
63: Files already downloaded and verified
63: Files already downloaded and verified
 8: 2018-10-07 23:54:54,945 INFO   Validation loss: 2.325 acc: 0.101
 8: 2018-10-07 23:54:54,945 INFO Finished training
 8: 2018-10-07 23:54:54,946 INFO Train samples 512 time 26.639s rate 19.2199 samples/s
 8: 2018-10-07 23:54:54,946 INFO Valid rate: 96.1105 samples/s
 8: 2018-10-07 23:54:54,946 INFO All done!
 8: Files already downloaded and verified
 8: Files already downloaded and verified
27: 2018-10-07 23:54:54,982 INFO   Validation loss: 2.324 acc: 0.101
27: 2018-10-07 23:54:54,982 INFO Finished training
27: 2018-10-07 23:54:54,982 INFO Train samples 512 time 26.6388s rate 19.2201 samples/s
27: 2018-10-07 23:54:54,983 INFO Valid rate: 96.0666 samples/s
27: 2018-10-07 23:54:54,983 INFO All done!
27: Files already downloaded and verified
27: Files already downloaded and verified
 3: 2018-10-07 23:54:55,084 INFO   Validation loss: 2.325 acc: 0.101
 3: 2018-10-07 23:54:55,084 INFO Finished training
 3: 2018-10-07 23:54:55,085 INFO Train samples 512 time 26.639s rate 19.22 samples/s
 3: 2018-10-07 23:54:55,085 INFO Valid rate: 95.9513 samples/s
 3: 2018-10-07 23:54:55,085 INFO All done!
30: 2018-10-07 23:54:55,089 INFO   Validation loss: 2.326 acc: 0.101
30: 2018-10-07 23:54:55,089 INFO Finished training
30: 2018-10-07 23:54:55,089 INFO Train samples 512 time 26.639s rate 19.2199 samples/s
30: 2018-10-07 23:54:55,089 INFO Valid rate: 95.9466 samples/s
30: 2018-10-07 23:54:55,089 INFO All done!
 3: Files already downloaded and verified
 3: Files already downloaded and verified
30: Files already downloaded and verified
30: Files already downloaded and verified
14: 2018-10-07 23:54:55,175 INFO   Validation loss: 2.326 acc: 0.101
14: 2018-10-07 23:54:55,175 INFO Finished training
14: 2018-10-07 23:54:55,175 INFO Train samples 512 time 26.6386s rate 19.2202 samples/s
14: 2018-10-07 23:54:55,175 INFO Valid rate: 95.8719 samples/s
14: 2018-10-07 23:54:55,175 INFO All done!
34: 2018-10-07 23:54:55,175 INFO   Validation loss: 2.327 acc: 0.101
34: 2018-10-07 23:54:55,176 INFO Finished training
34: 2018-10-07 23:54:55,176 INFO Train samples 512 time 26.6389s rate 19.22 samples/s
34: 2018-10-07 23:54:55,176 INFO Valid rate: 95.8646 samples/s
34: 2018-10-07 23:54:55,176 INFO All done!
14: Files already downloaded and verified
14: Files already downloaded and verified
34: Files already downloaded and verified
34: Files already downloaded and verified
44: 2018-10-07 23:54:55,204 INFO   Validation loss: 2.326 acc: 0.101
44: 2018-10-07 23:54:55,205 INFO Finished training
44: 2018-10-07 23:54:55,205 INFO Train samples 512 time 26.6392s rate 19.2198 samples/s
44: 2018-10-07 23:54:55,205 INFO Valid rate: 95.8348 samples/s
44: 2018-10-07 23:54:55,205 INFO All done!
44: Files already downloaded and verified
44: Files already downloaded and verified
40: 2018-10-07 23:54:55,219 INFO   Validation loss: 2.326 acc: 0.101
40: 2018-10-07 23:54:55,219 INFO Finished training
40: 2018-10-07 23:54:55,220 INFO Train samples 512 time 26.6392s rate 19.2198 samples/s
40: 2018-10-07 23:54:55,220 INFO Valid rate: 95.8114 samples/s
40: 2018-10-07 23:54:55,220 INFO All done!
23: 2018-10-07 23:54:55,231 INFO   Validation loss: 2.327 acc: 0.101
23: 2018-10-07 23:54:55,231 INFO Finished training
40: Files already downloaded and verified
40: Files already downloaded and verified
23: 2018-10-07 23:54:55,231 INFO Train samples 512 time 26.6385s rate 19.2203 samples/s
23: 2018-10-07 23:54:55,231 INFO Valid rate: 95.7869 samples/s
23: 2018-10-07 23:54:55,232 INFO All done!
33: 2018-10-07 23:54:55,237 INFO   Validation loss: 2.327 acc: 0.101
33: 2018-10-07 23:54:55,237 INFO Finished training
33: 2018-10-07 23:54:55,237 INFO Train samples 512 time 26.6388s rate 19.2201 samples/s
33: 2018-10-07 23:54:55,238 INFO Valid rate: 95.7777 samples/s
33: 2018-10-07 23:54:55,238 INFO All done!
23: Files already downloaded and verified
23: Files already downloaded and verified
33: Files already downloaded and verified
33: Files already downloaded and verified
 2: 2018-10-07 23:54:55,406 INFO   Validation loss: 2.327 acc: 0.101
 2: 2018-10-07 23:54:55,406 INFO Finished training
 2: 2018-10-07 23:54:55,406 INFO Train samples 512 time 26.6388s rate 19.2201 samples/s
 2: 2018-10-07 23:54:55,406 INFO Valid rate: 95.6017 samples/s
 2: 2018-10-07 23:54:55,407 INFO All done!
 2: Files already downloaded and verified
 2: Files already downloaded and verified
17: 2018-10-07 23:54:55,576 INFO   Validation loss: 2.326 acc: 0.101
17: 2018-10-07 23:54:55,576 INFO Finished training
17: 2018-10-07 23:54:55,576 INFO Train samples 512 time 26.63s rate 19.2265 samples/s
17: 2018-10-07 23:54:55,576 INFO Valid rate: 95.3453 samples/s
17: 2018-10-07 23:54:55,576 INFO All done!
17: Files already downloaded and verified
17: Files already downloaded and verified
10: 2018-10-07 23:54:55,747 INFO   Validation loss: 2.326 acc: 0.101
10: 2018-10-07 23:54:55,747 INFO Finished training
10: 2018-10-07 23:54:55,748 INFO Train samples 512 time 26.6394s rate 19.2196 samples/s
10: 2018-10-07 23:54:55,748 INFO Valid rate: 95.2128 samples/s
10: 2018-10-07 23:54:55,748 INFO All done!
10: Files already downloaded and verified
10: Files already downloaded and verified
18: 2018-10-07 23:54:56,314 INFO   Validation loss: 2.328 acc: 0.101
18: 2018-10-07 23:54:56,315 INFO Finished training
18: 2018-10-07 23:54:56,315 INFO Train samples 512 time 26.6391s rate 19.2199 samples/s
18: 2018-10-07 23:54:56,315 INFO Valid rate: 94.5886 samples/s
18: 2018-10-07 23:54:56,315 INFO All done!
18: Files already downloaded and verified
18: Files already downloaded and verified
13: 2018-10-07 23:54:56,662 INFO   Validation loss: 2.325 acc: 0.101
13: 2018-10-07 23:54:56,662 INFO Finished training
13: 2018-10-07 23:54:56,662 INFO Train samples 512 time 26.639s rate 19.22 samples/s
13: 2018-10-07 23:54:56,662 INFO Valid rate: 94.2079 samples/s
13: 2018-10-07 23:54:56,662 INFO All done!
13: Files already downloaded and verified
13: Files already downloaded and verified
