*** WARNING: This is an experimental installation of pytorch built specifically for MPI / distributed running ***
0: 2018-10-07 20:47:03,322 INFO Initializing
1: 2018-10-07 20:47:03,340 INFO Initializing
1: 2018-10-07 20:47:03,386 INFO MPI rank 1
0: 2018-10-07 20:47:03,384 INFO MPI rank 0
0: 2018-10-07 20:47:03,389 INFO Configuration: {'data_config': {'name': 'cifar10', 'data_path': '$SCRATCH/pytorch-cifar10/data', 'n_train': 32768, 'n_valid': 8192}, 'experiment_config': {'name': 'cifar10', 'output_dir': '$SCRATCH/pytorch-cifar10/output'}, 'model_config': {'model_type': 'resnet50_cifar10', 'optimizer': 'Adam', 'learning_rate': 0.001}, 'train_config': {'batch_size': 64, 'n_epochs': 1}}
0: 2018-10-07 20:47:06,185 INFO Loaded 32768 training samples and 8192 validation samples
1: 2018-10-07 20:47:06,219 INFO Loaded 32768 training samples and 8192 validation samples
1: 2018-10-07 20:47:07,627 INFO Epoch 0
0: 2018-10-07 20:47:07,627 INFO Model: 
0: DistributedDataParallelCPU(
0:   (module): ResNet(
0:     (conv1): Conv2d(3, 64, kernel_size=(3, 3), stride=(1, 1), padding=(1, 1), bias=False)
0:     (bn1): BatchNorm2d(64, eps=1e-05, momentum=0.1, affine=True, track_running_stats=True)
0:     (layer1): Sequential(
0:       (0): Bottleneck(
0:         (conv1): Conv2d(64, 64, kernel_size=(1, 1), stride=(1, 1), bias=False)
0:         (bn1): BatchNorm2d(64, eps=1e-05, momentum=0.1, affine=True, track_running_stats=True)
0:         (conv2): Conv2d(64, 64, kernel_size=(3, 3), stride=(1, 1), padding=(1, 1), bias=False)
0:         (bn2): BatchNorm2d(64, eps=1e-05, momentum=0.1, affine=True, track_running_stats=True)
0:         (conv3): Conv2d(64, 256, kernel_size=(1, 1), stride=(1, 1), bias=False)
0:         (bn3): BatchNorm2d(256, eps=1e-05, momentum=0.1, affine=True, track_running_stats=True)
0:         (shortcut): Sequential(
0:           (0): Conv2d(64, 256, kernel_size=(1, 1), stride=(1, 1), bias=False)
0:           (1): BatchNorm2d(256, eps=1e-05, momentum=0.1, affine=True, track_running_stats=True)
0:         )
0:       )
0:       (1): Bottleneck(
0:         (conv1): Conv2d(256, 64, kernel_size=(1, 1), stride=(1, 1), bias=False)
0:         (bn1): BatchNorm2d(64, eps=1e-05, momentum=0.1, affine=True, track_running_stats=True)
0:         (conv2): Conv2d(64, 64, kernel_size=(3, 3), stride=(1, 1), padding=(1, 1), bias=False)
0:         (bn2): BatchNorm2d(64, eps=1e-05, momentum=0.1, affine=True, track_running_stats=True)
0:         (conv3): Conv2d(64, 256, kernel_size=(1, 1), stride=(1, 1), bias=False)
0:         (bn3): BatchNorm2d(256, eps=1e-05, momentum=0.1, affine=True, track_running_stats=True)
0:         (shortcut): Sequential()
0:       )
0:       (2): Bottleneck(
0:         (conv1): Conv2d(256, 64, kernel_size=(1, 1), stride=(1, 1), bias=False)
0:         (bn1): BatchNorm2d(64, eps=1e-05, momentum=0.1, affine=True, track_running_stats=True)
0:         (conv2): Conv2d(64, 64, kernel_size=(3, 3), stride=(1, 1), padding=(1, 1), bias=False)
0:         (bn2): BatchNorm2d(64, eps=1e-05, momentum=0.1, affine=True, track_running_stats=True)
0:         (conv3): Conv2d(64, 256, kernel_size=(1, 1), stride=(1, 1), bias=False)
0:         (bn3): BatchNorm2d(256, eps=1e-05, momentum=0.1, affine=True, track_running_stats=True)
0:         (shortcut): Sequential()
0:       )
0:     )
0:     (layer2): Sequential(
0:       (0): Bottleneck(
0:         (conv1): Conv2d(256, 128, kernel_size=(1, 1), stride=(1, 1), bias=False)
0:         (bn1): BatchNorm2d(128, eps=1e-05, momentum=0.1, affine=True, track_running_stats=True)
0:         (conv2): Conv2d(128, 128, kernel_size=(3, 3), stride=(2, 2), padding=(1, 1), bias=False)
0:         (bn2): BatchNorm2d(128, eps=1e-05, momentum=0.1, affine=True, track_running_stats=True)
0:         (conv3): Conv2d(128, 512, kernel_size=(1, 1), stride=(1, 1), bias=False)
0:         (bn3): BatchNorm2d(512, eps=1e-05, momentum=0.1, affine=True, track_running_stats=True)
0:         (shortcut): Sequential(
0:           (0): Conv2d(256, 512, kernel_size=(1, 1), stride=(2, 2), bias=False)
0:           (1): BatchNorm2d(512, eps=1e-05, momentum=0.1, affine=True, track_running_stats=True)
0:         )
0:       )
0:       (1): Bottleneck(
0:         (conv1): Conv2d(512, 128, kernel_size=(1, 1), stride=(1, 1), bias=False)
0:         (bn1): BatchNorm2d(128, eps=1e-05, momentum=0.1, affine=True, track_running_stats=True)
0:         (conv2): Conv2d(128, 128, kernel_size=(3, 3), stride=(1, 1), padding=(1, 1), bias=False)
0:         (bn2): BatchNorm2d(128, eps=1e-05, momentum=0.1, affine=True, track_running_stats=True)
0:         (conv3): Conv2d(128, 512, kernel_size=(1, 1), stride=(1, 1), bias=False)
0:         (bn3): BatchNorm2d(512, eps=1e-05, momentum=0.1, affine=True, track_running_stats=True)
0:         (shortcut): Sequential()
0:       )
0:       (2): Bottleneck(
0:         (conv1): Conv2d(512, 128, kernel_size=(1, 1), stride=(1, 1), bias=False)
0:         (bn1): BatchNorm2d(128, eps=1e-05, momentum=0.1, affine=True, track_running_stats=True)
0:         (conv2): Conv2d(128, 128, kernel_size=(3, 3), stride=(1, 1), padding=(1, 1), bias=False)
0:         (bn2): BatchNorm2d(128, eps=1e-05, momentum=0.1, affine=True, track_running_stats=True)
0:         (conv3): Conv2d(128, 512, kernel_size=(1, 1), stride=(1, 1), bias=False)
0:         (bn3): BatchNorm2d(512, eps=1e-05, momentum=0.1, affine=True, track_running_stats=True)
0:         (shortcut): Sequential()
0:       )
0:       (3): Bottleneck(
0:         (conv1): Conv2d(512, 128, kernel_size=(1, 1), stride=(1, 1), bias=False)
0:         (bn1): BatchNorm2d(128, eps=1e-05, momentum=0.1, affine=True, track_running_stats=True)
0:         (conv2): Conv2d(128, 128, kernel_size=(3, 3), stride=(1, 1), padding=(1, 1), bias=False)
0:         (bn2): BatchNorm2d(128, eps=1e-05, momentum=0.1, affine=True, track_running_stats=True)
0:         (conv3): Conv2d(128, 512, kernel_size=(1, 1), stride=(1, 1), bias=False)
0:         (bn3): BatchNorm2d(512, eps=1e-05, momentum=0.1, affine=True, track_running_stats=True)
0:         (shortcut): Sequential()
0:       )
0:     )
0:     (layer3): Sequential(
0:       (0): Bottleneck(
0:         (conv1): Conv2d(512, 256, kernel_size=(1, 1), stride=(1, 1), bias=False)
0:         (bn1): BatchNorm2d(256, eps=1e-05, momentum=0.1, affine=True, track_running_stats=True)
0:         (conv2): Conv2d(256, 256, kernel_size=(3, 3), stride=(2, 2), padding=(1, 1), bias=False)
0:         (bn2): BatchNorm2d(256, eps=1e-05, momentum=0.1, affine=True, track_running_stats=True)
0:         (conv3): Conv2d(256, 1024, kernel_size=(1, 1), stride=(1, 1), bias=False)
0:         (bn3): BatchNorm2d(1024, eps=1e-05, momentum=0.1, affine=True, track_running_stats=True)
0:         (shortcut): Sequential(
0:           (0): Conv2d(512, 1024, kernel_size=(1, 1), stride=(2, 2), bias=False)
0:           (1): BatchNorm2d(1024, eps=1e-05, momentum=0.1, affine=True, track_running_stats=True)
0:         )
0:       )
0:       (1): Bottleneck(
0:         (conv1): Conv2d(1024, 256, kernel_size=(1, 1), stride=(1, 1), bias=False)
0:         (bn1): BatchNorm2d(256, eps=1e-05, momentum=0.1, affine=True, track_running_stats=True)
0:         (conv2): Conv2d(256, 256, kernel_size=(3, 3), stride=(1, 1), padding=(1, 1), bias=False)
0:         (bn2): BatchNorm2d(256, eps=1e-05, momentum=0.1, affine=True, track_running_stats=True)
0:         (conv3): Conv2d(256, 1024, kernel_size=(1, 1), stride=(1, 1), bias=False)
0:         (bn3): BatchNorm2d(1024, eps=1e-05, momentum=0.1, affine=True, track_running_stats=True)
0:         (shortcut): Sequential()
0:       )
0:       (2): Bottleneck(
0:         (conv1): Conv2d(1024, 256, kernel_size=(1, 1), stride=(1, 1), bias=False)
0:         (bn1): BatchNorm2d(256, eps=1e-05, momentum=0.1, affine=True, track_running_stats=True)
0:         (conv2): Conv2d(256, 256, kernel_size=(3, 3), stride=(1, 1), padding=(1, 1), bias=False)
0:         (bn2): BatchNorm2d(256, eps=1e-05, momentum=0.1, affine=True, track_running_stats=True)
0:         (conv3): Conv2d(256, 1024, kernel_size=(1, 1), stride=(1, 1), bias=False)
0:         (bn3): BatchNorm2d(1024, eps=1e-05, momentum=0.1, affine=True, track_running_stats=True)
0:         (shortcut): Sequential()
0:       )
0:       (3): Bottleneck(
0:         (conv1): Conv2d(1024, 256, kernel_size=(1, 1), stride=(1, 1), bias=False)
0:         (bn1): BatchNorm2d(256, eps=1e-05, momentum=0.1, affine=True, track_running_stats=True)
0:         (conv2): Conv2d(256, 256, kernel_size=(3, 3), stride=(1, 1), padding=(1, 1), bias=False)
0:         (bn2): BatchNorm2d(256, eps=1e-05, momentum=0.1, affine=True, track_running_stats=True)
0:         (conv3): Conv2d(256, 1024, kernel_size=(1, 1), stride=(1, 1), bias=False)
0:         (bn3): BatchNorm2d(1024, eps=1e-05, momentum=0.1, affine=True, track_running_stats=True)
0:         (shortcut): Sequential()
0:       )
0:       (4): Bottleneck(
0:         (conv1): Conv2d(1024, 256, kernel_size=(1, 1), stride=(1, 1), bias=False)
0:         (bn1): BatchNorm2d(256, eps=1e-05, momentum=0.1, affine=True, track_running_stats=True)
0:         (conv2): Conv2d(256, 256, kernel_size=(3, 3), stride=(1, 1), padding=(1, 1), bias=False)
0:         (bn2): BatchNorm2d(256, eps=1e-05, momentum=0.1, affine=True, track_running_stats=True)
0:         (conv3): Conv2d(256, 1024, kernel_size=(1, 1), stride=(1, 1), bias=False)
0:         (bn3): BatchNorm2d(1024, eps=1e-05, momentum=0.1, affine=True, track_running_stats=True)
0:         (shortcut): Sequential()
0:       )
0:       (5): Bottleneck(
0:         (conv1): Conv2d(1024, 256, kernel_size=(1, 1), stride=(1, 1), bias=False)
0:         (bn1): BatchNorm2d(256, eps=1e-05, momentum=0.1, affine=True, track_running_stats=True)
0:         (conv2): Conv2d(256, 256, kernel_size=(3, 3), stride=(1, 1), padding=(1, 1), bias=False)
0:         (bn2): BatchNorm2d(256, eps=1e-05, momentum=0.1, affine=True, track_running_stats=True)
0:         (conv3): Conv2d(256, 1024, kernel_size=(1, 1), stride=(1, 1), bias=False)
0:         (bn3): BatchNorm2d(1024, eps=1e-05, momentum=0.1, affine=True, track_running_stats=True)
0:         (shortcut): Sequential()
0:       )
0:     )
0:     (layer4): Sequential(
0:       (0): Bottleneck(
0:         (conv1): Conv2d(1024, 512, kernel_size=(1, 1), stride=(1, 1), bias=False)
0:         (bn1): BatchNorm2d(512, eps=1e-05, momentum=0.1, affine=True, track_running_stats=True)
0:         (conv2): Conv2d(512, 512, kernel_size=(3, 3), stride=(2, 2), padding=(1, 1), bias=False)
0:         (bn2): BatchNorm2d(512, eps=1e-05, momentum=0.1, affine=True, track_running_stats=True)
0:         (conv3): Conv2d(512, 2048, kernel_size=(1, 1), stride=(1, 1), bias=False)
0:         (bn3): BatchNorm2d(2048, eps=1e-05, momentum=0.1, affine=True, track_running_stats=True)
0:         (shortcut): Sequential(
0:           (0): Conv2d(1024, 2048, kernel_size=(1, 1), stride=(2, 2), bias=False)
0:           (1): BatchNorm2d(2048, eps=1e-05, momentum=0.1, affine=True, track_running_stats=True)
0:         )
0:       )
0:       (1): Bottleneck(
0:         (conv1): Conv2d(2048, 512, kernel_size=(1, 1), stride=(1, 1), bias=False)
0:         (bn1): BatchNorm2d(512, eps=1e-05, momentum=0.1, affine=True, track_running_stats=True)
0:         (conv2): Conv2d(512, 512, kernel_size=(3, 3), stride=(1, 1), padding=(1, 1), bias=False)
0:         (bn2): BatchNorm2d(512, eps=1e-05, momentum=0.1, affine=True, track_running_stats=True)
0:         (conv3): Conv2d(512, 2048, kernel_size=(1, 1), stride=(1, 1), bias=False)
0:         (bn3): BatchNorm2d(2048, eps=1e-05, momentum=0.1, affine=True, track_running_stats=True)
0:         (shortcut): Sequential()
0:       )
0:       (2): Bottleneck(
0:         (conv1): Conv2d(2048, 512, kernel_size=(1, 1), stride=(1, 1), bias=False)
0:         (bn1): BatchNorm2d(512, eps=1e-05, momentum=0.1, affine=True, track_running_stats=True)
0:         (conv2): Conv2d(512, 512, kernel_size=(3, 3), stride=(1, 1), padding=(1, 1), bias=False)
0:         (bn2): BatchNorm2d(512, eps=1e-05, momentum=0.1, affine=True, track_running_stats=True)
0:         (conv3): Conv2d(512, 2048, kernel_size=(1, 1), stride=(1, 1), bias=False)
0:         (bn3): BatchNorm2d(2048, eps=1e-05, momentum=0.1, affine=True, track_running_stats=True)
0:         (shortcut): Sequential()
0:       )
0:     )
0:     (linear): Linear(in_features=2048, out_features=10, bias=True)
0:   )
0: )
0: Parameters: 23520842
0: 2018-10-07 20:47:07,627 INFO Epoch 0
1: 2018-10-07 21:00:06,867 INFO   Training loss: 1.564
0: 2018-10-07 21:00:06,869 INFO   Training loss: 1.574
0: 2018-10-07 21:01:32,168 INFO   Validation loss: 1.234 acc: 0.552
0: 2018-10-07 21:01:32,826 INFO Saving summaries to /global/cscratch1/sd/sfarrell/pytorch-cifar10/output/summaries.npz
0: 2018-10-07 21:01:32,840 INFO Finished training
0: 2018-10-07 21:01:32,840 INFO Train samples 16384 time 779.241s rate 21.0256 samples/s
0: 2018-10-07 21:01:32,840 INFO Valid rate: 96.0388 samples/s
0: 2018-10-07 21:01:32,840 INFO All done!
0: Files already downloaded and verified
0: Files already downloaded and verified
1: 2018-10-07 21:01:32,924 INFO   Validation loss: 1.240 acc: 0.553
1: 2018-10-07 21:01:32,924 INFO Finished training
1: 2018-10-07 21:01:32,925 INFO Train samples 16384 time 779.24s rate 21.0256 samples/s
1: 2018-10-07 21:01:32,925 INFO Valid rate: 95.1935 samples/s
1: 2018-10-07 21:01:32,925 INFO All done!
1: Files already downloaded and verified
1: Files already downloaded and verified
