*** WARNING: This is an experimental installation of pytorch built specifically for MPI / distributed running ***
15: 2018-10-08 08:48:11,375 INFO Initializing
 0: 2018-10-08 08:48:11,378 INFO Initializing
 7: 2018-10-08 08:48:11,378 INFO Initializing
11: 2018-10-08 08:48:11,382 INFO Initializing
 4: 2018-10-08 08:48:11,387 INFO Initializing
 6: 2018-10-08 08:48:11,383 INFO Initializing
 9: 2018-10-08 08:48:11,386 INFO Initializing
13: 2018-10-08 08:48:11,381 INFO Initializing
 1: 2018-10-08 08:48:11,385 INFO Initializing
 5: 2018-10-08 08:48:11,387 INFO Initializing
14: 2018-10-08 08:48:11,384 INFO Initializing
 8: 2018-10-08 08:48:11,388 INFO Initializing
10: 2018-10-08 08:48:11,394 INFO Initializing
 2: 2018-10-08 08:48:11,394 INFO Initializing
12: 2018-10-08 08:48:11,395 INFO Initializing
 3: 2018-10-08 08:48:11,411 INFO Initializing
 9: 2018-10-08 08:48:11,462 INFO MPI rank 9
 3: 2018-10-08 08:48:11,458 INFO MPI rank 3
11: 2018-10-08 08:48:11,461 INFO MPI rank 11
 4: 2018-10-08 08:48:11,465 INFO MPI rank 4
 6: 2018-10-08 08:48:11,461 INFO MPI rank 6
 1: 2018-10-08 08:48:11,459 INFO MPI rank 1
 0: 2018-10-08 08:48:11,458 INFO MPI rank 0
14: 2018-10-08 08:48:11,457 INFO MPI rank 14
 2: 2018-10-08 08:48:11,462 INFO MPI rank 2
10: 2018-10-08 08:48:11,464 INFO MPI rank 10
 5: 2018-10-08 08:48:11,462 INFO MPI rank 5
12: 2018-10-08 08:48:11,456 INFO MPI rank 12
15: 2018-10-08 08:48:11,455 INFO MPI rank 15
 8: 2018-10-08 08:48:11,461 INFO MPI rank 8
13: 2018-10-08 08:48:11,456 INFO MPI rank 13
 7: 2018-10-08 08:48:11,458 INFO MPI rank 7
 0: 2018-10-08 08:48:11,463 INFO Configuration: {'experiment_config': {'name': 'rpvgan', 'output_dir': '$SCRATCH/atlas_gan/RPV_GAN_000'}, 'data_config': {'name': 'rpv_images', 'train_file': '/global/cscratch1/sd/sfarrell/atlas_gan/data/RPV10_1400_850_01.npz', 'n_train': 65536, 'scale': 4000000.0}, 'model_config': {'n_filters': 16, 'noise_dim': 64, 'optimizer': 'Adam', 'learning_rate': 0.0001, 'label_flip_rate': 0.01}, 'train_config': {'batch_size': 64, 'n_epochs': 1}}
 8: 2018-10-08 08:48:40,153 INFO Loaded 65536 training samples
 6: 2018-10-08 08:48:41,008 INFO Loaded 65536 training samples
 7: 2018-10-08 08:48:43,404 INFO Loaded 65536 training samples
 4: 2018-10-08 08:48:44,044 INFO Loaded 65536 training samples
11: 2018-10-08 08:48:44,152 INFO Loaded 65536 training samples
10: 2018-10-08 08:48:44,359 INFO Loaded 65536 training samples
 3: 2018-10-08 08:48:44,432 INFO Loaded 65536 training samples
 2: 2018-10-08 08:48:44,440 INFO Loaded 65536 training samples
 5: 2018-10-08 08:48:44,458 INFO Loaded 65536 training samples
 0: 2018-10-08 08:48:44,499 INFO Loaded 65536 training samples
15: 2018-10-08 08:48:44,600 INFO Loaded 65536 training samples
12: 2018-10-08 08:48:44,827 INFO Loaded 65536 training samples
 9: 2018-10-08 08:48:44,894 INFO Loaded 65536 training samples
 1: 2018-10-08 08:48:44,987 INFO Loaded 65536 training samples
13: 2018-10-08 08:48:45,013 INFO Loaded 65536 training samples
14: 2018-10-08 08:48:45,017 INFO Loaded 65536 training samples
 4: 2018-10-08 08:48:45,058 INFO Epoch 0
 5: 2018-10-08 08:48:45,055 INFO Epoch 0
 1: 2018-10-08 08:48:45,052 INFO Epoch 0
 7: 2018-10-08 08:48:45,051 INFO Epoch 0
 9: 2018-10-08 08:48:45,055 INFO Epoch 0
 6: 2018-10-08 08:48:45,054 INFO Epoch 0
 3: 2018-10-08 08:48:45,050 INFO Epoch 0
12: 2018-10-08 08:48:45,049 INFO Epoch 0
13: 2018-10-08 08:48:45,049 INFO Epoch 0
 2: 2018-10-08 08:48:45,055 INFO Epoch 0
10: 2018-10-08 08:48:45,057 INFO Epoch 0
11: 2018-10-08 08:48:45,054 INFO Epoch 0
14: 2018-10-08 08:48:45,050 INFO Epoch 0
15: 2018-10-08 08:48:45,048 INFO Epoch 0
 8: 2018-10-08 08:48:45,054 INFO Epoch 0
 0: 2018-10-08 08:48:45,051 INFO Generator module: 
 0: DistributedDataParallelCPU(
 0:   (module): Generator(
 0:     (network): Sequential(
 0:       (0): ConvTranspose2d(64, 128, kernel_size=(4, 4), stride=(1, 1), bias=False)
 0:       (1): BatchNorm2d(128, eps=1e-05, momentum=0.1, affine=True, track_running_stats=True)
 0:       (2): ReLU(inplace)
 0:       (3): ConvTranspose2d(128, 64, kernel_size=(4, 4), stride=(2, 2), padding=(1, 1), bias=False)
 0:       (4): BatchNorm2d(64, eps=1e-05, momentum=0.1, affine=True, track_running_stats=True)
 0:       (5): ReLU(inplace)
 0:       (6): ConvTranspose2d(64, 32, kernel_size=(4, 4), stride=(2, 2), padding=(1, 1), bias=False)
 0:       (7): BatchNorm2d(32, eps=1e-05, momentum=0.1, affine=True, track_running_stats=True)
 0:       (8): ReLU(inplace)
 0:       (9): ConvTranspose2d(32, 16, kernel_size=(4, 4), stride=(2, 2), padding=(1, 1), bias=False)
 0:       (10): BatchNorm2d(16, eps=1e-05, momentum=0.1, affine=True, track_running_stats=True)
 0:       (11): ReLU(inplace)
 0:       (12): ConvTranspose2d(16, 1, kernel_size=(4, 4), stride=(2, 2), padding=(1, 1), bias=False)
 0:       (13): Sigmoid()
 0:       (14): Threshold(threshold=0, value=0)
 0:     )
 0:   )
 0: )
 0: Parameters: 303840
 0: 2018-10-08 08:48:45,052 INFO Discriminator module: 
 0: DistributedDataParallelCPU(
 0:   (module): Discriminator(
 0:     (network): Sequential(
 0:       (0): Conv2d(1, 16, kernel_size=(4, 4), stride=(2, 2), padding=(1, 1), bias=False)
 0:       (1): LeakyReLU(negative_slope=0.2, inplace)
 0:       (2): Conv2d(16, 32, kernel_size=(4, 4), stride=(2, 2), padding=(1, 1), bias=False)
 0:       (3): BatchNorm2d(32, eps=1e-05, momentum=0.1, affine=True, track_running_stats=True)
 0:       (4): LeakyReLU(negative_slope=0.2, inplace)
 0:       (5): Conv2d(32, 64, kernel_size=(4, 4), stride=(2, 2), padding=(1, 1), bias=False)
 0:       (6): BatchNorm2d(64, eps=1e-05, momentum=0.1, affine=True, track_running_stats=True)
 0:       (7): LeakyReLU(negative_slope=0.2, inplace)
 0:       (8): Conv2d(64, 128, kernel_size=(4, 4), stride=(2, 2), padding=(1, 1), bias=False)
 0:       (9): BatchNorm2d(128, eps=1e-05, momentum=0.1, affine=True, track_running_stats=True)
 0:       (10): LeakyReLU(negative_slope=0.2, inplace)
 0:       (11): Conv2d(128, 1, kernel_size=(4, 4), stride=(1, 1), bias=False)
 0:       (12): Sigmoid()
 0:     )
 0:   )
 0: )
 0: Parameters: 174784
 0: 2018-10-08 08:48:45,052 INFO Epoch 0
 9: 2018-10-08 08:48:59,925 INFO   Avg discriminator real output: 0.7791
 3: 2018-10-08 08:48:59,920 INFO   Avg discriminator real output: 0.7769
 0: 2018-10-08 08:48:59,921 INFO   Avg discriminator real output: 0.7770
 9: 2018-10-08 08:48:59,926 INFO   Avg discriminator fake output: 0.0684
 3: 2018-10-08 08:48:59,921 INFO   Avg discriminator fake output: 0.0687
 0: 2018-10-08 08:48:59,922 INFO   Avg discriminator fake output: 0.0685
 9: 2018-10-08 08:48:59,926 INFO   Avg discriminator loss: 0.1728
 6: 2018-10-08 08:48:59,924 INFO   Avg discriminator real output: 0.7778
 3: 2018-10-08 08:48:59,921 INFO   Avg discriminator loss: 0.1745
 0: 2018-10-08 08:48:59,922 INFO   Avg discriminator loss: 0.1854
14: 2018-10-08 08:48:59,920 INFO   Avg discriminator real output: 0.7766
12: 2018-10-08 08:48:59,919 INFO   Avg discriminator real output: 0.7764
13: 2018-10-08 08:48:59,920 INFO   Avg discriminator real output: 0.7775
 2: 2018-10-08 08:48:59,925 INFO   Avg discriminator real output: 0.7784
10: 2018-10-08 08:48:59,927 INFO   Avg discriminator real output: 0.7764
 7: 2018-10-08 08:48:59,921 INFO   Avg discriminator real output: 0.7763
 9: 2018-10-08 08:48:59,926 INFO   Avg generator loss: 3.2138
 6: 2018-10-08 08:48:59,924 INFO   Avg discriminator fake output: 0.0684
 3: 2018-10-08 08:48:59,921 INFO   Avg generator loss: 3.2125
14: 2018-10-08 08:48:59,920 INFO   Avg discriminator fake output: 0.0685
12: 2018-10-08 08:48:59,919 INFO   Avg discriminator fake output: 0.0686
 8: 2018-10-08 08:48:59,924 INFO   Avg discriminator real output: 0.7784
13: 2018-10-08 08:48:59,920 INFO   Avg discriminator fake output: 0.0686
 2: 2018-10-08 08:48:59,925 INFO   Avg discriminator fake output: 0.0686
10: 2018-10-08 08:48:59,927 INFO   Avg discriminator fake output: 0.0684
 7: 2018-10-08 08:48:59,921 INFO   Avg discriminator fake output: 0.0687
 5: 2018-10-08 08:48:59,925 INFO   Avg discriminator real output: 0.7796
 6: 2018-10-08 08:48:59,924 INFO   Avg discriminator loss: 0.2115
 1: 2018-10-08 08:48:59,923 INFO   Avg discriminator real output: 0.7772
 0: 2018-10-08 08:48:59,922 INFO   Avg generator loss: 3.1920
14: 2018-10-08 08:48:59,920 INFO   Avg discriminator loss: 0.1747
12: 2018-10-08 08:48:59,920 INFO   Avg discriminator loss: 0.2139
15: 2018-10-08 08:48:59,919 INFO   Avg discriminator real output: 0.7794
 8: 2018-10-08 08:48:59,925 INFO   Avg discriminator fake output: 0.0685
13: 2018-10-08 08:48:59,920 INFO   Avg discriminator loss: 0.1741
 2: 2018-10-08 08:48:59,925 INFO   Avg discriminator loss: 0.1735
10: 2018-10-08 08:48:59,928 INFO   Avg discriminator loss: 0.1746
11: 2018-10-08 08:48:59,924 INFO   Avg discriminator real output: 0.7780
 7: 2018-10-08 08:48:59,921 INFO   Avg discriminator loss: 0.1858
 5: 2018-10-08 08:48:59,925 INFO   Avg discriminator fake output: 0.0687
 6: 2018-10-08 08:48:59,924 INFO   Avg generator loss: 3.1599
 1: 2018-10-08 08:48:59,923 INFO   Avg discriminator fake output: 0.0686
14: 2018-10-08 08:48:59,920 INFO   Avg generator loss: 3.2131
12: 2018-10-08 08:48:59,920 INFO   Avg generator loss: 3.1589
15: 2018-10-08 08:48:59,919 INFO   Avg discriminator fake output: 0.0686
 8: 2018-10-08 08:48:59,925 INFO   Avg discriminator loss: 0.1934
13: 2018-10-08 08:48:59,920 INFO   Avg generator loss: 3.2123
 2: 2018-10-08 08:48:59,925 INFO   Avg generator loss: 3.2119
10: 2018-10-08 08:48:59,928 INFO   Avg generator loss: 3.2128
11: 2018-10-08 08:48:59,924 INFO   Avg discriminator fake output: 0.0687
 7: 2018-10-08 08:48:59,921 INFO   Avg generator loss: 3.1880
 5: 2018-10-08 08:48:59,926 INFO   Avg discriminator loss: 0.2120
 1: 2018-10-08 08:48:59,923 INFO   Avg discriminator loss: 0.1744
15: 2018-10-08 08:48:59,919 INFO   Avg discriminator loss: 0.1730
 8: 2018-10-08 08:48:59,925 INFO   Avg generator loss: 3.1761
11: 2018-10-08 08:48:59,924 INFO   Avg discriminator loss: 0.2164
 5: 2018-10-08 08:48:59,926 INFO   Avg generator loss: 3.1579
 1: 2018-10-08 08:48:59,923 INFO   Avg generator loss: 3.2133
15: 2018-10-08 08:48:59,919 INFO   Avg generator loss: 3.2126
11: 2018-10-08 08:48:59,924 INFO   Avg generator loss: 3.1547
 4: 2018-10-08 08:48:59,929 INFO   Avg discriminator real output: 0.7766
 4: 2018-10-08 08:48:59,929 INFO   Avg discriminator fake output: 0.0685
 4: 2018-10-08 08:48:59,929 INFO   Avg discriminator loss: 0.2175
 4: 2018-10-08 08:48:59,929 INFO   Avg generator loss: 3.1565
11: 2018-10-08 08:49:39,201 INFO Finished training
11: 2018-10-08 08:49:39,201 INFO Train samples 4096 time 14.8702s rate 275.451 samples/s
11: 2018-10-08 08:49:39,201 INFO All done!
 9: 2018-10-08 08:49:39,245 INFO Finished training
 9: 2018-10-08 08:49:39,246 INFO Train samples 4096 time 14.8698s rate 275.457 samples/s
 9: 2018-10-08 08:49:39,246 INFO All done!
14: 2018-10-08 08:49:39,468 INFO Finished training
14: 2018-10-08 08:49:39,468 INFO Train samples 4096 time 14.8698s rate 275.457 samples/s
14: 2018-10-08 08:49:39,468 INFO All done!
12: 2018-10-08 08:49:39,501 INFO Finished training
12: 2018-10-08 08:49:39,502 INFO Train samples 4096 time 14.87s rate 275.455 samples/s
12: 2018-10-08 08:49:39,502 INFO All done!
 2: 2018-10-08 08:49:39,559 INFO Finished training
 2: 2018-10-08 08:49:39,559 INFO Train samples 4096 time 14.8699s rate 275.455 samples/s
 2: 2018-10-08 08:49:39,559 INFO All done!
 7: 2018-10-08 08:49:39,570 INFO Finished training
 7: 2018-10-08 08:49:39,570 INFO Train samples 4096 time 14.8699s rate 275.455 samples/s
 7: 2018-10-08 08:49:39,570 INFO All done!
13: 2018-10-08 08:49:39,606 INFO Finished training
13: 2018-10-08 08:49:39,606 INFO Train samples 4096 time 14.8699s rate 275.455 samples/s
13: 2018-10-08 08:49:39,606 INFO All done!
 3: 2018-10-08 08:49:39,638 INFO Finished training
 3: 2018-10-08 08:49:39,639 INFO Train samples 4096 time 14.8698s rate 275.457 samples/s
 3: 2018-10-08 08:49:39,639 INFO All done!
 6: 2018-10-08 08:49:39,676 INFO Finished training
 6: 2018-10-08 08:49:39,676 INFO Train samples 4096 time 14.87s rate 275.454 samples/s
 6: 2018-10-08 08:49:39,676 INFO All done!
10: 2018-10-08 08:49:39,709 INFO Finished training
10: 2018-10-08 08:49:39,709 INFO Train samples 4096 time 14.8699s rate 275.456 samples/s
10: 2018-10-08 08:49:39,709 INFO All done!
 0: 2018-10-08 08:49:39,747 INFO Saving summaries to /global/cscratch1/sd/sfarrell/atlas_gan/RPV_GAN_000/summaries.npz
 0: 2018-10-08 08:49:39,753 INFO Finished training
 0: 2018-10-08 08:49:39,754 INFO Train samples 4096 time 14.8691s rate 275.47 samples/s
 0: 2018-10-08 08:49:39,754 INFO All done!
15: 2018-10-08 08:49:39,782 INFO Finished training
15: 2018-10-08 08:49:39,782 INFO Train samples 4096 time 14.8701s rate 275.452 samples/s
15: 2018-10-08 08:49:39,782 INFO All done!
 1: 2018-10-08 08:49:39,826 INFO Finished training
 1: 2018-10-08 08:49:39,826 INFO Train samples 4096 time 14.8702s rate 275.449 samples/s
 1: 2018-10-08 08:49:39,826 INFO All done!
 4: 2018-10-08 08:49:39,868 INFO Finished training
 4: 2018-10-08 08:49:39,868 INFO Train samples 4096 time 14.8711s rate 275.433 samples/s
 4: 2018-10-08 08:49:39,868 INFO All done!
 5: 2018-10-08 08:49:39,891 INFO Finished training
 5: 2018-10-08 08:49:39,891 INFO Train samples 4096 time 14.8703s rate 275.449 samples/s
 5: 2018-10-08 08:49:39,891 INFO All done!
 8: 2018-10-08 08:49:39,927 INFO Finished training
 8: 2018-10-08 08:49:39,928 INFO Train samples 4096 time 14.87s rate 275.454 samples/s
 8: 2018-10-08 08:49:39,928 INFO All done!
