*** WARNING: This is an experimental installation of pytorch built specifically for MPI / distributed running ***
1: 2018-10-07 22:37:55,489 INFO Initializing
0: 2018-10-07 22:37:55,503 INFO Initializing
2: 2018-10-07 22:37:55,559 INFO Initializing
3: 2018-10-07 22:37:55,578 INFO Initializing
1: 2018-10-07 22:37:55,620 INFO MPI rank 1
3: 2018-10-07 22:37:55,623 INFO MPI rank 3
0: 2018-10-07 22:37:55,621 INFO MPI rank 0
2: 2018-10-07 22:37:55,622 INFO MPI rank 2
0: 2018-10-07 22:37:55,625 INFO Configuration: {'experiment_config': {'name': 'rpvgan', 'output_dir': '$SCRATCH/atlas_gan/RPV_GAN_000'}, 'data_config': {'name': 'rpv_images', 'train_file': '/global/cscratch1/sd/sfarrell/atlas_gan/data/RPV10_1400_850_01.npz', 'n_train': 65536, 'scale': 4000000.0}, 'model_config': {'n_filters': 16, 'noise_dim': 64, 'optimizer': 'Adam', 'learning_rate': 0.0001, 'label_flip_rate': 0.01}, 'train_config': {'batch_size': 64, 'n_epochs': 1}}
2: 2018-10-07 22:38:21,853 INFO Loaded 65536 training samples
1: 2018-10-07 22:38:21,852 INFO Loaded 65536 training samples
3: 2018-10-07 22:38:21,870 INFO Loaded 65536 training samples
0: 2018-10-07 22:38:22,072 INFO Loaded 65536 training samples
1: 2018-10-07 22:38:22,114 INFO Epoch 0
3: 2018-10-07 22:38:22,117 INFO Epoch 0
2: 2018-10-07 22:38:22,116 INFO Epoch 0
0: 2018-10-07 22:38:22,115 INFO Generator module: 
0: DistributedDataParallelCPU(
0:   (module): Generator(
0:     (network): Sequential(
0:       (0): ConvTranspose2d(64, 128, kernel_size=(4, 4), stride=(1, 1), bias=False)
0:       (1): BatchNorm2d(128, eps=1e-05, momentum=0.1, affine=True, track_running_stats=True)
0:       (2): ReLU(inplace)
0:       (3): ConvTranspose2d(128, 64, kernel_size=(4, 4), stride=(2, 2), padding=(1, 1), bias=False)
0:       (4): BatchNorm2d(64, eps=1e-05, momentum=0.1, affine=True, track_running_stats=True)
0:       (5): ReLU(inplace)
0:       (6): ConvTranspose2d(64, 32, kernel_size=(4, 4), stride=(2, 2), padding=(1, 1), bias=False)
0:       (7): BatchNorm2d(32, eps=1e-05, momentum=0.1, affine=True, track_running_stats=True)
0:       (8): ReLU(inplace)
0:       (9): ConvTranspose2d(32, 16, kernel_size=(4, 4), stride=(2, 2), padding=(1, 1), bias=False)
0:       (10): BatchNorm2d(16, eps=1e-05, momentum=0.1, affine=True, track_running_stats=True)
0:       (11): ReLU(inplace)
0:       (12): ConvTranspose2d(16, 1, kernel_size=(4, 4), stride=(2, 2), padding=(1, 1), bias=False)
0:       (13): Sigmoid()
0:       (14): Threshold(threshold=0, value=0)
0:     )
0:   )
0: )
0: Parameters: 303840
0: 2018-10-07 22:38:22,115 INFO Discriminator module: 
0: DistributedDataParallelCPU(
0:   (module): Discriminator(
0:     (network): Sequential(
0:       (0): Conv2d(1, 16, kernel_size=(4, 4), stride=(2, 2), padding=(1, 1), bias=False)
0:       (1): LeakyReLU(negative_slope=0.2, inplace)
0:       (2): Conv2d(16, 32, kernel_size=(4, 4), stride=(2, 2), padding=(1, 1), bias=False)
0:       (3): BatchNorm2d(32, eps=1e-05, momentum=0.1, affine=True, track_running_stats=True)
0:       (4): LeakyReLU(negative_slope=0.2, inplace)
0:       (5): Conv2d(32, 64, kernel_size=(4, 4), stride=(2, 2), padding=(1, 1), bias=False)
0:       (6): BatchNorm2d(64, eps=1e-05, momentum=0.1, affine=True, track_running_stats=True)
0:       (7): LeakyReLU(negative_slope=0.2, inplace)
0:       (8): Conv2d(64, 128, kernel_size=(4, 4), stride=(2, 2), padding=(1, 1), bias=False)
0:       (9): BatchNorm2d(128, eps=1e-05, momentum=0.1, affine=True, track_running_stats=True)
0:       (10): LeakyReLU(negative_slope=0.2, inplace)
0:       (11): Conv2d(128, 1, kernel_size=(4, 4), stride=(1, 1), bias=False)
0:       (12): Sigmoid()
0:     )
0:   )
0: )
0: Parameters: 174784
0: 2018-10-07 22:38:22,115 INFO Epoch 0
3: 2018-10-07 22:39:15,366 INFO   Avg discriminator real output: 0.9001
2: 2018-10-07 22:39:15,365 INFO   Avg discriminator real output: 0.9008
1: 2018-10-07 22:39:15,363 INFO   Avg discriminator real output: 0.9008
3: 2018-10-07 22:39:15,366 INFO   Avg discriminator fake output: 0.0457
2: 2018-10-07 22:39:15,365 INFO   Avg discriminator fake output: 0.0457
1: 2018-10-07 22:39:15,363 INFO   Avg discriminator fake output: 0.0457
3: 2018-10-07 22:39:15,366 INFO   Avg discriminator loss: 0.1421
0: 2018-10-07 22:39:15,364 INFO   Avg discriminator real output: 0.9004
2: 2018-10-07 22:39:15,365 INFO   Avg discriminator loss: 0.0844
1: 2018-10-07 22:39:15,363 INFO   Avg discriminator loss: 0.1593
3: 2018-10-07 22:39:15,366 INFO   Avg generator loss: 3.6068
0: 2018-10-07 22:39:15,364 INFO   Avg discriminator fake output: 0.0454
2: 2018-10-07 22:39:15,365 INFO   Avg generator loss: 3.6669
1: 2018-10-07 22:39:15,363 INFO   Avg generator loss: 3.5828
0: 2018-10-07 22:39:15,364 INFO   Avg discriminator loss: 0.1259
0: 2018-10-07 22:39:15,364 INFO   Avg generator loss: 3.6248
0: 2018-10-07 22:39:21,109 INFO Saving summaries to /global/cscratch1/sd/sfarrell/atlas_gan/RPV_GAN_000/summaries.npz
0: 2018-10-07 22:39:21,113 INFO Finished training
0: 2018-10-07 22:39:21,113 INFO Train samples 16384 time 53.2483s rate 307.691 samples/s
0: 2018-10-07 22:39:21,113 INFO All done!
1: 2018-10-07 22:39:24,057 INFO Finished training
1: 2018-10-07 22:39:24,057 INFO Train samples 16384 time 53.2489s rate 307.687 samples/s
1: 2018-10-07 22:39:24,057 INFO All done!
2: 2018-10-07 22:39:24,095 INFO Finished training
2: 2018-10-07 22:39:24,095 INFO Train samples 16384 time 53.2488s rate 307.688 samples/s
2: 2018-10-07 22:39:24,095 INFO All done!
3: 2018-10-07 22:39:24,129 INFO Finished training
3: 2018-10-07 22:39:24,129 INFO Train samples 16384 time 53.2488s rate 307.688 samples/s
3: 2018-10-07 22:39:24,129 INFO All done!
