*** WARNING: This is an experimental installation of pytorch built specifically for MPI / distributed running ***
0: 2018-10-08 08:34:48,690 INFO Initializing
2: 2018-10-08 08:34:48,693 INFO Initializing
4: 2018-10-08 08:34:48,692 INFO Initializing
5: 2018-10-08 08:34:48,690 INFO Initializing
7: 2018-10-08 08:34:48,689 INFO Initializing
3: 2018-10-08 08:34:48,692 INFO Initializing
6: 2018-10-08 08:34:48,692 INFO Initializing
1: 2018-10-08 08:34:48,690 INFO Initializing
0: 2018-10-08 08:34:48,737 INFO MPI rank 0
2: 2018-10-08 08:34:48,739 INFO MPI rank 2
6: 2018-10-08 08:34:48,738 INFO MPI rank 6
4: 2018-10-08 08:34:48,738 INFO MPI rank 4
5: 2018-10-08 08:34:48,737 INFO MPI rank 5
7: 2018-10-08 08:34:48,735 INFO MPI rank 7
1: 2018-10-08 08:34:48,736 INFO MPI rank 1
3: 2018-10-08 08:34:48,739 INFO MPI rank 3
0: 2018-10-08 08:34:48,747 INFO Configuration: {'experiment_config': {'name': 'rpvgan', 'output_dir': '$SCRATCH/atlas_gan/RPV_GAN_000'}, 'data_config': {'name': 'rpv_images', 'train_file': '/global/cscratch1/sd/sfarrell/atlas_gan/data/RPV10_1400_850_01.npz', 'n_train': 65536, 'scale': 4000000.0}, 'model_config': {'n_filters': 16, 'noise_dim': 64, 'optimizer': 'Adam', 'learning_rate': 0.0001, 'label_flip_rate': 0.01}, 'train_config': {'batch_size': 64, 'n_epochs': 1}}
0: 2018-10-08 08:35:15,401 INFO Loaded 65536 training samples
2: 2018-10-08 08:35:15,422 INFO Loaded 65536 training samples
7: 2018-10-08 08:35:15,432 INFO Loaded 65536 training samples
5: 2018-10-08 08:35:15,471 INFO Loaded 65536 training samples
4: 2018-10-08 08:35:15,474 INFO Loaded 65536 training samples
3: 2018-10-08 08:35:15,522 INFO Loaded 65536 training samples
6: 2018-10-08 08:35:15,540 INFO Loaded 65536 training samples
1: 2018-10-08 08:35:15,553 INFO Loaded 65536 training samples
5: 2018-10-08 08:35:15,581 INFO Epoch 0
3: 2018-10-08 08:35:15,583 INFO Epoch 0
1: 2018-10-08 08:35:15,580 INFO Epoch 0
2: 2018-10-08 08:35:15,584 INFO Epoch 0
4: 2018-10-08 08:35:15,583 INFO Epoch 0
7: 2018-10-08 08:35:15,580 INFO Epoch 0
6: 2018-10-08 08:35:15,582 INFO Epoch 0
0: 2018-10-08 08:35:15,582 INFO Generator module: 
0: DistributedDataParallelCPU(
0:   (module): Generator(
0:     (network): Sequential(
0:       (0): ConvTranspose2d(64, 128, kernel_size=(4, 4), stride=(1, 1), bias=False)
0:       (1): BatchNorm2d(128, eps=1e-05, momentum=0.1, affine=True, track_running_stats=True)
0:       (2): ReLU(inplace)
0:       (3): ConvTranspose2d(128, 64, kernel_size=(4, 4), stride=(2, 2), padding=(1, 1), bias=False)
0:       (4): BatchNorm2d(64, eps=1e-05, momentum=0.1, affine=True, track_running_stats=True)
0:       (5): ReLU(inplace)
0:       (6): ConvTranspose2d(64, 32, kernel_size=(4, 4), stride=(2, 2), padding=(1, 1), bias=False)
0:       (7): BatchNorm2d(32, eps=1e-05, momentum=0.1, affine=True, track_running_stats=True)
0:       (8): ReLU(inplace)
0:       (9): ConvTranspose2d(32, 16, kernel_size=(4, 4), stride=(2, 2), padding=(1, 1), bias=False)
0:       (10): BatchNorm2d(16, eps=1e-05, momentum=0.1, affine=True, track_running_stats=True)
0:       (11): ReLU(inplace)
0:       (12): ConvTranspose2d(16, 1, kernel_size=(4, 4), stride=(2, 2), padding=(1, 1), bias=False)
0:       (13): Sigmoid()
0:       (14): Threshold(threshold=0, value=0)
0:     )
0:   )
0: )
0: Parameters: 303840
0: 2018-10-08 08:35:15,582 INFO Discriminator module: 
0: DistributedDataParallelCPU(
0:   (module): Discriminator(
0:     (network): Sequential(
0:       (0): Conv2d(1, 16, kernel_size=(4, 4), stride=(2, 2), padding=(1, 1), bias=False)
0:       (1): LeakyReLU(negative_slope=0.2, inplace)
0:       (2): Conv2d(16, 32, kernel_size=(4, 4), stride=(2, 2), padding=(1, 1), bias=False)
0:       (3): BatchNorm2d(32, eps=1e-05, momentum=0.1, affine=True, track_running_stats=True)
0:       (4): LeakyReLU(negative_slope=0.2, inplace)
0:       (5): Conv2d(32, 64, kernel_size=(4, 4), stride=(2, 2), padding=(1, 1), bias=False)
0:       (6): BatchNorm2d(64, eps=1e-05, momentum=0.1, affine=True, track_running_stats=True)
0:       (7): LeakyReLU(negative_slope=0.2, inplace)
0:       (8): Conv2d(64, 128, kernel_size=(4, 4), stride=(2, 2), padding=(1, 1), bias=False)
0:       (9): BatchNorm2d(128, eps=1e-05, momentum=0.1, affine=True, track_running_stats=True)
0:       (10): LeakyReLU(negative_slope=0.2, inplace)
0:       (11): Conv2d(128, 1, kernel_size=(4, 4), stride=(1, 1), bias=False)
0:       (12): Sigmoid()
0:     )
0:   )
0: )
0: Parameters: 174784
0: 2018-10-08 08:35:15,582 INFO Epoch 0
7: 2018-10-08 08:35:43,580 INFO   Avg discriminator real output: 0.8519
4: 2018-10-08 08:35:43,583 INFO   Avg discriminator real output: 0.8521
7: 2018-10-08 08:35:43,581 INFO   Avg discriminator fake output: 0.0529
1: 2018-10-08 08:35:43,581 INFO   Avg discriminator real output: 0.8521
4: 2018-10-08 08:35:43,584 INFO   Avg discriminator fake output: 0.0529
5: 2018-10-08 08:35:43,582 INFO   Avg discriminator real output: 0.8510
7: 2018-10-08 08:35:43,581 INFO   Avg discriminator loss: 0.1436
1: 2018-10-08 08:35:43,581 INFO   Avg discriminator fake output: 0.0531
0: 2018-10-08 08:35:43,582 INFO   Avg discriminator real output: 0.8513
2: 2018-10-08 08:35:43,584 INFO   Avg discriminator real output: 0.8520
4: 2018-10-08 08:35:43,584 INFO   Avg discriminator loss: 0.1466
5: 2018-10-08 08:35:43,582 INFO   Avg discriminator fake output: 0.0528
7: 2018-10-08 08:35:43,581 INFO   Avg generator loss: 3.5742
1: 2018-10-08 08:35:43,581 INFO   Avg discriminator loss: 0.1408
0: 2018-10-08 08:35:43,582 INFO   Avg discriminator fake output: 0.0530
2: 2018-10-08 08:35:43,584 INFO   Avg discriminator fake output: 0.0530
6: 2018-10-08 08:35:43,583 INFO   Avg discriminator real output: 0.8507
4: 2018-10-08 08:35:43,584 INFO   Avg generator loss: 3.5733
5: 2018-10-08 08:35:43,582 INFO   Avg discriminator loss: 0.1369
1: 2018-10-08 08:35:43,581 INFO   Avg generator loss: 3.5747
0: 2018-10-08 08:35:43,582 INFO   Avg discriminator loss: 0.1330
2: 2018-10-08 08:35:43,584 INFO   Avg discriminator loss: 0.1188
6: 2018-10-08 08:35:43,583 INFO   Avg discriminator fake output: 0.0530
5: 2018-10-08 08:35:43,582 INFO   Avg generator loss: 3.5805
0: 2018-10-08 08:35:43,582 INFO   Avg generator loss: 3.5802
2: 2018-10-08 08:35:43,584 INFO   Avg generator loss: 3.6047
6: 2018-10-08 08:35:43,583 INFO   Avg discriminator loss: 0.1196
6: 2018-10-08 08:35:43,583 INFO   Avg generator loss: 3.6031
3: 2018-10-08 08:35:43,586 INFO   Avg discriminator real output: 0.8516
3: 2018-10-08 08:35:43,586 INFO   Avg discriminator fake output: 0.0530
3: 2018-10-08 08:35:43,586 INFO   Avg discriminator loss: 0.1573
3: 2018-10-08 08:35:43,586 INFO   Avg generator loss: 3.5550
1: 2018-10-08 08:35:48,803 INFO Finished training
1: 2018-10-08 08:35:48,803 INFO Train samples 8192 time 28.0002s rate 292.569 samples/s
1: 2018-10-08 08:35:48,803 INFO All done!
0: 2018-10-08 08:35:52,734 INFO Saving summaries to /global/cscratch1/sd/sfarrell/atlas_gan/RPV_GAN_000/summaries.npz
0: 2018-10-08 08:35:52,738 INFO Finished training
0: 2018-10-08 08:35:52,738 INFO Train samples 8192 time 27.9996s rate 292.576 samples/s
0: 2018-10-08 08:35:52,739 INFO All done!
2: 2018-10-08 08:36:02,461 INFO Finished training
2: 2018-10-08 08:36:02,461 INFO Train samples 8192 time 28.0002s rate 292.569 samples/s
2: 2018-10-08 08:36:02,461 INFO All done!
3: 2018-10-08 08:36:02,512 INFO Finished training
3: 2018-10-08 08:36:02,512 INFO Train samples 8192 time 28.0023s rate 292.547 samples/s
3: 2018-10-08 08:36:02,512 INFO All done!
7: 2018-10-08 08:36:02,543 INFO Finished training
7: 2018-10-08 08:36:02,543 INFO Train samples 8192 time 28.0001s rate 292.57 samples/s
7: 2018-10-08 08:36:02,543 INFO All done!
5: 2018-10-08 08:36:02,580 INFO Finished training
5: 2018-10-08 08:36:02,580 INFO Train samples 8192 time 28.0002s rate 292.569 samples/s
5: 2018-10-08 08:36:02,580 INFO All done!
4: 2018-10-08 08:36:02,612 INFO Finished training
4: 2018-10-08 08:36:02,612 INFO Train samples 8192 time 28.0001s rate 292.57 samples/s
4: 2018-10-08 08:36:02,612 INFO All done!
6: 2018-10-08 08:36:02,646 INFO Finished training
6: 2018-10-08 08:36:02,647 INFO Train samples 8192 time 28.0005s rate 292.566 samples/s
6: 2018-10-08 08:36:02,647 INFO All done!
